Start testing: Jul 01 10:19 India Standard Time
----------------------------------------------------------
1/202 Testing: DynamicArrayAppendTest.AppendSingleElement
1/202 Test: DynamicArrayAppendTest.AppendSingleElement
Command: "D:/GITN/PROJECT-01-SUPERCODERS/build/Release/DynamicArrayTests.exe" "--gtest_filter=DynamicArrayAppendTest.AppendSingleElement" "--gtest_also_run_disabled_tests"
Directory: D:/GITN/PROJECT-01-SUPERCODERS/build
"DynamicArrayAppendTest.AppendSingleElement" start time: Jul 01 10:19 India Standard Time
Output:
----------------------------------------------------------
Running main() from C:\b\abs_14_rhzemyc\croot\yaml-cpp-split_1714514162675\work\test\gtest-1.11.0\googletest\src\gtest_main.cc
Note: Google Test filter = DynamicArrayAppendTest.AppendSingleElement
[==========] Running 1 test from 1 test suite.
[----------] Global test environment set-up.
[----------] 1 test from DynamicArrayAppendTest
[ RUN      ] DynamicArrayAppendTest.AppendSingleElement
[       OK ] DynamicArrayAppendTest.AppendSingleElement (0 ms)
[----------] 1 test from DynamicArrayAppendTest (0 ms total)

[----------] Global test environment tear-down
[==========] 1 test from 1 test suite ran. (0 ms total)
[  PASSED  ] 1 test.
<end of output>
Test time =   0.03 sec
----------------------------------------------------------
Test Passed.
"DynamicArrayAppendTest.AppendSingleElement" end time: Jul 01 10:19 India Standard Time
"DynamicArrayAppendTest.AppendSingleElement" time elapsed: 00:00:00
----------------------------------------------------------

2/202 Testing: DynamicArrayAppendTest.AppendMultipleElements
2/202 Test: DynamicArrayAppendTest.AppendMultipleElements
Command: "D:/GITN/PROJECT-01-SUPERCODERS/build/Release/DynamicArrayTests.exe" "--gtest_filter=DynamicArrayAppendTest.AppendMultipleElements" "--gtest_also_run_disabled_tests"
Directory: D:/GITN/PROJECT-01-SUPERCODERS/build
"DynamicArrayAppendTest.AppendMultipleElements" start time: Jul 01 10:19 India Standard Time
Output:
----------------------------------------------------------
Running main() from C:\b\abs_14_rhzemyc\croot\yaml-cpp-split_1714514162675\work\test\gtest-1.11.0\googletest\src\gtest_main.cc
Note: Google Test filter = DynamicArrayAppendTest.AppendMultipleElements
[==========] Running 1 test from 1 test suite.
[----------] Global test environment set-up.
[----------] 1 test from DynamicArrayAppendTest
[ RUN      ] DynamicArrayAppendTest.AppendMultipleElements
[       OK ] DynamicArrayAppendTest.AppendMultipleElements (0 ms)
[----------] 1 test from DynamicArrayAppendTest (0 ms total)

[----------] Global test environment tear-down
[==========] 1 test from 1 test suite ran. (0 ms total)
[  PASSED  ] 1 test.
<end of output>
Test time =   0.02 sec
----------------------------------------------------------
Test Passed.
"DynamicArrayAppendTest.AppendMultipleElements" end time: Jul 01 10:19 India Standard Time
"DynamicArrayAppendTest.AppendMultipleElements" time elapsed: 00:00:00
----------------------------------------------------------

3/202 Testing: DynamicArrayAppendTest.AppendTriggersGrow
3/202 Test: DynamicArrayAppendTest.AppendTriggersGrow
Command: "D:/GITN/PROJECT-01-SUPERCODERS/build/Release/DynamicArrayTests.exe" "--gtest_filter=DynamicArrayAppendTest.AppendTriggersGrow" "--gtest_also_run_disabled_tests"
Directory: D:/GITN/PROJECT-01-SUPERCODERS/build
"DynamicArrayAppendTest.AppendTriggersGrow" start time: Jul 01 10:19 India Standard Time
Output:
----------------------------------------------------------
Running main() from C:\b\abs_14_rhzemyc\croot\yaml-cpp-split_1714514162675\work\test\gtest-1.11.0\googletest\src\gtest_main.cc
Note: Google Test filter = DynamicArrayAppendTest.AppendTriggersGrow
[==========] Running 1 test from 1 test suite.
[----------] Global test environment set-up.
[----------] 1 test from DynamicArrayAppendTest
[ RUN      ] DynamicArrayAppendTest.AppendTriggersGrow
[       OK ] DynamicArrayAppendTest.AppendTriggersGrow (0 ms)
[----------] 1 test from DynamicArrayAppendTest (0 ms total)

[----------] Global test environment tear-down
[==========] 1 test from 1 test suite ran. (0 ms total)
[  PASSED  ] 1 test.
<end of output>
Test time =   0.02 sec
----------------------------------------------------------
Test Passed.
"DynamicArrayAppendTest.AppendTriggersGrow" end time: Jul 01 10:19 India Standard Time
"DynamicArrayAppendTest.AppendTriggersGrow" time elapsed: 00:00:00
----------------------------------------------------------

4/202 Testing: DynamicArrayAssignmentTest.BasicAssignment
4/202 Test: DynamicArrayAssignmentTest.BasicAssignment
Command: "D:/GITN/PROJECT-01-SUPERCODERS/build/Release/DynamicArrayTests.exe" "--gtest_filter=DynamicArrayAssignmentTest.BasicAssignment" "--gtest_also_run_disabled_tests"
Directory: D:/GITN/PROJECT-01-SUPERCODERS/build
"DynamicArrayAssignmentTest.BasicAssignment" start time: Jul 01 10:19 India Standard Time
Output:
----------------------------------------------------------
Running main() from C:\b\abs_14_rhzemyc\croot\yaml-cpp-split_1714514162675\work\test\gtest-1.11.0\googletest\src\gtest_main.cc
Note: Google Test filter = DynamicArrayAssignmentTest.BasicAssignment
[==========] Running 1 test from 1 test suite.
[----------] Global test environment set-up.
[----------] 1 test from DynamicArrayAssignmentTest
[ RUN      ] DynamicArrayAssignmentTest.BasicAssignment
[       OK ] DynamicArrayAssignmentTest.BasicAssignment (0 ms)
[----------] 1 test from DynamicArrayAssignmentTest (0 ms total)

[----------] Global test environment tear-down
[==========] 1 test from 1 test suite ran. (0 ms total)
[  PASSED  ] 1 test.
<end of output>
Test time =   0.02 sec
----------------------------------------------------------
Test Passed.
"DynamicArrayAssignmentTest.BasicAssignment" end time: Jul 01 10:19 India Standard Time
"DynamicArrayAssignmentTest.BasicAssignment" time elapsed: 00:00:00
----------------------------------------------------------

5/202 Testing: DynamicArrayAssignmentTest.SelfAssignment
5/202 Test: DynamicArrayAssignmentTest.SelfAssignment
Command: "D:/GITN/PROJECT-01-SUPERCODERS/build/Release/DynamicArrayTests.exe" "--gtest_filter=DynamicArrayAssignmentTest.SelfAssignment" "--gtest_also_run_disabled_tests"
Directory: D:/GITN/PROJECT-01-SUPERCODERS/build
"DynamicArrayAssignmentTest.SelfAssignment" start time: Jul 01 10:19 India Standard Time
Output:
----------------------------------------------------------
Running main() from C:\b\abs_14_rhzemyc\croot\yaml-cpp-split_1714514162675\work\test\gtest-1.11.0\googletest\src\gtest_main.cc
Note: Google Test filter = DynamicArrayAssignmentTest.SelfAssignment
[==========] Running 1 test from 1 test suite.
[----------] Global test environment set-up.
[----------] 1 test from DynamicArrayAssignmentTest
[ RUN      ] DynamicArrayAssignmentTest.SelfAssignment
[       OK ] DynamicArrayAssignmentTest.SelfAssignment (0 ms)
[----------] 1 test from DynamicArrayAssignmentTest (0 ms total)

[----------] Global test environment tear-down
[==========] 1 test from 1 test suite ran. (0 ms total)
[  PASSED  ] 1 test.
<end of output>
Test time =   0.02 sec
----------------------------------------------------------
Test Passed.
"DynamicArrayAssignmentTest.SelfAssignment" end time: Jul 01 10:19 India Standard Time
"DynamicArrayAssignmentTest.SelfAssignment" time elapsed: 00:00:00
----------------------------------------------------------

6/202 Testing: DynamicArrayAssignmentTest.DeepCopy
6/202 Test: DynamicArrayAssignmentTest.DeepCopy
Command: "D:/GITN/PROJECT-01-SUPERCODERS/build/Release/DynamicArrayTests.exe" "--gtest_filter=DynamicArrayAssignmentTest.DeepCopy" "--gtest_also_run_disabled_tests"
Directory: D:/GITN/PROJECT-01-SUPERCODERS/build
"DynamicArrayAssignmentTest.DeepCopy" start time: Jul 01 10:19 India Standard Time
Output:
----------------------------------------------------------
Running main() from C:\b\abs_14_rhzemyc\croot\yaml-cpp-split_1714514162675\work\test\gtest-1.11.0\googletest\src\gtest_main.cc
Note: Google Test filter = DynamicArrayAssignmentTest.DeepCopy
[==========] Running 1 test from 1 test suite.
[----------] Global test environment set-up.
[----------] 1 test from DynamicArrayAssignmentTest
[ RUN      ] DynamicArrayAssignmentTest.DeepCopy
[       OK ] DynamicArrayAssignmentTest.DeepCopy (0 ms)
[----------] 1 test from DynamicArrayAssignmentTest (0 ms total)

[----------] Global test environment tear-down
[==========] 1 test from 1 test suite ran. (0 ms total)
[  PASSED  ] 1 test.
<end of output>
Test time =   0.02 sec
----------------------------------------------------------
Test Passed.
"DynamicArrayAssignmentTest.DeepCopy" end time: Jul 01 10:19 India Standard Time
"DynamicArrayAssignmentTest.DeepCopy" time elapsed: 00:00:00
----------------------------------------------------------

7/202 Testing: DynamicArrayCapacityTest.InitialCapacity
7/202 Test: DynamicArrayCapacityTest.InitialCapacity
Command: "D:/GITN/PROJECT-01-SUPERCODERS/build/Release/DynamicArrayTests.exe" "--gtest_filter=DynamicArrayCapacityTest.InitialCapacity" "--gtest_also_run_disabled_tests"
Directory: D:/GITN/PROJECT-01-SUPERCODERS/build
"DynamicArrayCapacityTest.InitialCapacity" start time: Jul 01 10:19 India Standard Time
Output:
----------------------------------------------------------
Running main() from C:\b\abs_14_rhzemyc\croot\yaml-cpp-split_1714514162675\work\test\gtest-1.11.0\googletest\src\gtest_main.cc
Note: Google Test filter = DynamicArrayCapacityTest.InitialCapacity
[==========] Running 1 test from 1 test suite.
[----------] Global test environment set-up.
[----------] 1 test from DynamicArrayCapacityTest
[ RUN      ] DynamicArrayCapacityTest.InitialCapacity
[       OK ] DynamicArrayCapacityTest.InitialCapacity (0 ms)
[----------] 1 test from DynamicArrayCapacityTest (0 ms total)

[----------] Global test environment tear-down
[==========] 1 test from 1 test suite ran. (0 ms total)
[  PASSED  ] 1 test.
<end of output>
Test time =   0.02 sec
----------------------------------------------------------
Test Passed.
"DynamicArrayCapacityTest.InitialCapacity" end time: Jul 01 10:19 India Standard Time
"DynamicArrayCapacityTest.InitialCapacity" time elapsed: 00:00:00
----------------------------------------------------------

8/202 Testing: DynamicArrayCapacityTest.CapacityGrows
8/202 Test: DynamicArrayCapacityTest.CapacityGrows
Command: "D:/GITN/PROJECT-01-SUPERCODERS/build/Release/DynamicArrayTests.exe" "--gtest_filter=DynamicArrayCapacityTest.CapacityGrows" "--gtest_also_run_disabled_tests"
Directory: D:/GITN/PROJECT-01-SUPERCODERS/build
"DynamicArrayCapacityTest.CapacityGrows" start time: Jul 01 10:19 India Standard Time
Output:
----------------------------------------------------------
Running main() from C:\b\abs_14_rhzemyc\croot\yaml-cpp-split_1714514162675\work\test\gtest-1.11.0\googletest\src\gtest_main.cc
Note: Google Test filter = DynamicArrayCapacityTest.CapacityGrows
[==========] Running 1 test from 1 test suite.
[----------] Global test environment set-up.
[----------] 1 test from DynamicArrayCapacityTest
[ RUN      ] DynamicArrayCapacityTest.CapacityGrows
[       OK ] DynamicArrayCapacityTest.CapacityGrows (0 ms)
[----------] 1 test from DynamicArrayCapacityTest (0 ms total)

[----------] Global test environment tear-down
[==========] 1 test from 1 test suite ran. (0 ms total)
[  PASSED  ] 1 test.
<end of output>
Test time =   0.02 sec
----------------------------------------------------------
Test Passed.
"DynamicArrayCapacityTest.CapacityGrows" end time: Jul 01 10:19 India Standard Time
"DynamicArrayCapacityTest.CapacityGrows" time elapsed: 00:00:00
----------------------------------------------------------

9/202 Testing: DynamicArrayCapacityTest.CapacityShrinks
9/202 Test: DynamicArrayCapacityTest.CapacityShrinks
Command: "D:/GITN/PROJECT-01-SUPERCODERS/build/Release/DynamicArrayTests.exe" "--gtest_filter=DynamicArrayCapacityTest.CapacityShrinks" "--gtest_also_run_disabled_tests"
Directory: D:/GITN/PROJECT-01-SUPERCODERS/build
"DynamicArrayCapacityTest.CapacityShrinks" start time: Jul 01 10:19 India Standard Time
Output:
----------------------------------------------------------
Running main() from C:\b\abs_14_rhzemyc\croot\yaml-cpp-split_1714514162675\work\test\gtest-1.11.0\googletest\src\gtest_main.cc
Note: Google Test filter = DynamicArrayCapacityTest.CapacityShrinks
[==========] Running 1 test from 1 test suite.
[----------] Global test environment set-up.
[----------] 1 test from DynamicArrayCapacityTest
[ RUN      ] DynamicArrayCapacityTest.CapacityShrinks
[       OK ] DynamicArrayCapacityTest.CapacityShrinks (0 ms)
[----------] 1 test from DynamicArrayCapacityTest (0 ms total)

[----------] Global test environment tear-down
[==========] 1 test from 1 test suite ran. (0 ms total)
[  PASSED  ] 1 test.
<end of output>
Test time =   0.02 sec
----------------------------------------------------------
Test Passed.
"DynamicArrayCapacityTest.CapacityShrinks" end time: Jul 01 10:19 India Standard Time
"DynamicArrayCapacityTest.CapacityShrinks" time elapsed: 00:00:00
----------------------------------------------------------

10/202 Testing: DynamicArrayConstructorTest.DefaultConstructor
10/202 Test: DynamicArrayConstructorTest.DefaultConstructor
Command: "D:/GITN/PROJECT-01-SUPERCODERS/build/Release/DynamicArrayTests.exe" "--gtest_filter=DynamicArrayConstructorTest.DefaultConstructor" "--gtest_also_run_disabled_tests"
Directory: D:/GITN/PROJECT-01-SUPERCODERS/build
"DynamicArrayConstructorTest.DefaultConstructor" start time: Jul 01 10:19 India Standard Time
Output:
----------------------------------------------------------
Running main() from C:\b\abs_14_rhzemyc\croot\yaml-cpp-split_1714514162675\work\test\gtest-1.11.0\googletest\src\gtest_main.cc
Note: Google Test filter = DynamicArrayConstructorTest.DefaultConstructor
[==========] Running 1 test from 1 test suite.
[----------] Global test environment set-up.
[----------] 1 test from DynamicArrayConstructorTest
[ RUN      ] DynamicArrayConstructorTest.DefaultConstructor
[       OK ] DynamicArrayConstructorTest.DefaultConstructor (0 ms)
[----------] 1 test from DynamicArrayConstructorTest (0 ms total)

[----------] Global test environment tear-down
[==========] 1 test from 1 test suite ran. (0 ms total)
[  PASSED  ] 1 test.
<end of output>
Test time =   0.01 sec
----------------------------------------------------------
Test Passed.
"DynamicArrayConstructorTest.DefaultConstructor" end time: Jul 01 10:19 India Standard Time
"DynamicArrayConstructorTest.DefaultConstructor" time elapsed: 00:00:00
----------------------------------------------------------

11/202 Testing: DynamicArrayConstructorTest.DefaultConstructorAppend
11/202 Test: DynamicArrayConstructorTest.DefaultConstructorAppend
Command: "D:/GITN/PROJECT-01-SUPERCODERS/build/Release/DynamicArrayTests.exe" "--gtest_filter=DynamicArrayConstructorTest.DefaultConstructorAppend" "--gtest_also_run_disabled_tests"
Directory: D:/GITN/PROJECT-01-SUPERCODERS/build
"DynamicArrayConstructorTest.DefaultConstructorAppend" start time: Jul 01 10:19 India Standard Time
Output:
----------------------------------------------------------
Running main() from C:\b\abs_14_rhzemyc\croot\yaml-cpp-split_1714514162675\work\test\gtest-1.11.0\googletest\src\gtest_main.cc
Note: Google Test filter = DynamicArrayConstructorTest.DefaultConstructorAppend
[==========] Running 1 test from 1 test suite.
[----------] Global test environment set-up.
[----------] 1 test from DynamicArrayConstructorTest
[ RUN      ] DynamicArrayConstructorTest.DefaultConstructorAppend
[       OK ] DynamicArrayConstructorTest.DefaultConstructorAppend (0 ms)
[----------] 1 test from DynamicArrayConstructorTest (0 ms total)

[----------] Global test environment tear-down
[==========] 1 test from 1 test suite ran. (0 ms total)
[  PASSED  ] 1 test.
<end of output>
Test time =   0.02 sec
----------------------------------------------------------
Test Passed.
"DynamicArrayConstructorTest.DefaultConstructorAppend" end time: Jul 01 10:19 India Standard Time
"DynamicArrayConstructorTest.DefaultConstructorAppend" time elapsed: 00:00:00
----------------------------------------------------------

12/202 Testing: DynamicArrayConstructorTest.CountConstructorCreatesElements
12/202 Test: DynamicArrayConstructorTest.CountConstructorCreatesElements
Command: "D:/GITN/PROJECT-01-SUPERCODERS/build/Release/DynamicArrayTests.exe" "--gtest_filter=DynamicArrayConstructorTest.CountConstructorCreatesElements" "--gtest_also_run_disabled_tests"
Directory: D:/GITN/PROJECT-01-SUPERCODERS/build
"DynamicArrayConstructorTest.CountConstructorCreatesElements" start time: Jul 01 10:19 India Standard Time
Output:
----------------------------------------------------------
Running main() from C:\b\abs_14_rhzemyc\croot\yaml-cpp-split_1714514162675\work\test\gtest-1.11.0\googletest\src\gtest_main.cc
Note: Google Test filter = DynamicArrayConstructorTest.CountConstructorCreatesElements
[==========] Running 1 test from 1 test suite.
[----------] Global test environment set-up.
[----------] 1 test from DynamicArrayConstructorTest
[ RUN      ] DynamicArrayConstructorTest.CountConstructorCreatesElements
[       OK ] DynamicArrayConstructorTest.CountConstructorCreatesElements (0 ms)
[----------] 1 test from DynamicArrayConstructorTest (0 ms total)

[----------] Global test environment tear-down
[==========] 1 test from 1 test suite ran. (0 ms total)
[  PASSED  ] 1 test.
<end of output>
Test time =   0.02 sec
----------------------------------------------------------
Test Passed.
"DynamicArrayConstructorTest.CountConstructorCreatesElements" end time: Jul 01 10:19 India Standard Time
"DynamicArrayConstructorTest.CountConstructorCreatesElements" time elapsed: 00:00:00
----------------------------------------------------------

13/202 Testing: DynamicArrayCopyConstructorTest.DeepCopy
13/202 Test: DynamicArrayCopyConstructorTest.DeepCopy
Command: "D:/GITN/PROJECT-01-SUPERCODERS/build/Release/DynamicArrayTests.exe" "--gtest_filter=DynamicArrayCopyConstructorTest.DeepCopy" "--gtest_also_run_disabled_tests"
Directory: D:/GITN/PROJECT-01-SUPERCODERS/build
"DynamicArrayCopyConstructorTest.DeepCopy" start time: Jul 01 10:19 India Standard Time
Output:
----------------------------------------------------------
Running main() from C:\b\abs_14_rhzemyc\croot\yaml-cpp-split_1714514162675\work\test\gtest-1.11.0\googletest\src\gtest_main.cc
Note: Google Test filter = DynamicArrayCopyConstructorTest.DeepCopy
[==========] Running 1 test from 1 test suite.
[----------] Global test environment set-up.
[----------] 1 test from DynamicArrayCopyConstructorTest
[ RUN      ] DynamicArrayCopyConstructorTest.DeepCopy
[       OK ] DynamicArrayCopyConstructorTest.DeepCopy (0 ms)
[----------] 1 test from DynamicArrayCopyConstructorTest (0 ms total)

[----------] Global test environment tear-down
[==========] 1 test from 1 test suite ran. (0 ms total)
[  PASSED  ] 1 test.
<end of output>
Test time =   0.02 sec
----------------------------------------------------------
Test Passed.
"DynamicArrayCopyConstructorTest.DeepCopy" end time: Jul 01 10:19 India Standard Time
"DynamicArrayCopyConstructorTest.DeepCopy" time elapsed: 00:00:00
----------------------------------------------------------

14/202 Testing: DynamicArrayCopyConstructorTest.ModifyCopy
14/202 Test: DynamicArrayCopyConstructorTest.ModifyCopy
Command: "D:/GITN/PROJECT-01-SUPERCODERS/build/Release/DynamicArrayTests.exe" "--gtest_filter=DynamicArrayCopyConstructorTest.ModifyCopy" "--gtest_also_run_disabled_tests"
Directory: D:/GITN/PROJECT-01-SUPERCODERS/build
"DynamicArrayCopyConstructorTest.ModifyCopy" start time: Jul 01 10:19 India Standard Time
Output:
----------------------------------------------------------
Running main() from C:\b\abs_14_rhzemyc\croot\yaml-cpp-split_1714514162675\work\test\gtest-1.11.0\googletest\src\gtest_main.cc
Note: Google Test filter = DynamicArrayCopyConstructorTest.ModifyCopy
[==========] Running 1 test from 1 test suite.
[----------] Global test environment set-up.
[----------] 1 test from DynamicArrayCopyConstructorTest
[ RUN      ] DynamicArrayCopyConstructorTest.ModifyCopy
[       OK ] DynamicArrayCopyConstructorTest.ModifyCopy (0 ms)
[----------] 1 test from DynamicArrayCopyConstructorTest (0 ms total)

[----------] Global test environment tear-down
[==========] 1 test from 1 test suite ran. (0 ms total)
[  PASSED  ] 1 test.
<end of output>
Test time =   0.02 sec
----------------------------------------------------------
Test Passed.
"DynamicArrayCopyConstructorTest.ModifyCopy" end time: Jul 01 10:19 India Standard Time
"DynamicArrayCopyConstructorTest.ModifyCopy" time elapsed: 00:00:00
----------------------------------------------------------

15/202 Testing: DynamicArrayCopyConstructorTest.CopyEmpty
15/202 Test: DynamicArrayCopyConstructorTest.CopyEmpty
Command: "D:/GITN/PROJECT-01-SUPERCODERS/build/Release/DynamicArrayTests.exe" "--gtest_filter=DynamicArrayCopyConstructorTest.CopyEmpty" "--gtest_also_run_disabled_tests"
Directory: D:/GITN/PROJECT-01-SUPERCODERS/build
"DynamicArrayCopyConstructorTest.CopyEmpty" start time: Jul 01 10:19 India Standard Time
Output:
----------------------------------------------------------
Running main() from C:\b\abs_14_rhzemyc\croot\yaml-cpp-split_1714514162675\work\test\gtest-1.11.0\googletest\src\gtest_main.cc
Note: Google Test filter = DynamicArrayCopyConstructorTest.CopyEmpty
[==========] Running 1 test from 1 test suite.
[----------] Global test environment set-up.
[----------] 1 test from DynamicArrayCopyConstructorTest
[ RUN      ] DynamicArrayCopyConstructorTest.CopyEmpty
[       OK ] DynamicArrayCopyConstructorTest.CopyEmpty (0 ms)
[----------] 1 test from DynamicArrayCopyConstructorTest (0 ms total)

[----------] Global test environment tear-down
[==========] 1 test from 1 test suite ran. (0 ms total)
[  PASSED  ] 1 test.
<end of output>
Test time =   0.02 sec
----------------------------------------------------------
Test Passed.
"DynamicArrayCopyConstructorTest.CopyEmpty" end time: Jul 01 10:19 India Standard Time
"DynamicArrayCopyConstructorTest.CopyEmpty" time elapsed: 00:00:00
----------------------------------------------------------

16/202 Testing: DynamicArrayEmptyTest.InitiallyEmpty
16/202 Test: DynamicArrayEmptyTest.InitiallyEmpty
Command: "D:/GITN/PROJECT-01-SUPERCODERS/build/Release/DynamicArrayTests.exe" "--gtest_filter=DynamicArrayEmptyTest.InitiallyEmpty" "--gtest_also_run_disabled_tests"
Directory: D:/GITN/PROJECT-01-SUPERCODERS/build
"DynamicArrayEmptyTest.InitiallyEmpty" start time: Jul 01 10:19 India Standard Time
Output:
----------------------------------------------------------
Running main() from C:\b\abs_14_rhzemyc\croot\yaml-cpp-split_1714514162675\work\test\gtest-1.11.0\googletest\src\gtest_main.cc
Note: Google Test filter = DynamicArrayEmptyTest.InitiallyEmpty
[==========] Running 1 test from 1 test suite.
[----------] Global test environment set-up.
[----------] 1 test from DynamicArrayEmptyTest
[ RUN      ] DynamicArrayEmptyTest.InitiallyEmpty
[       OK ] DynamicArrayEmptyTest.InitiallyEmpty (0 ms)
[----------] 1 test from DynamicArrayEmptyTest (0 ms total)

[----------] Global test environment tear-down
[==========] 1 test from 1 test suite ran. (0 ms total)
[  PASSED  ] 1 test.
<end of output>
Test time =   0.01 sec
----------------------------------------------------------
Test Passed.
"DynamicArrayEmptyTest.InitiallyEmpty" end time: Jul 01 10:19 India Standard Time
"DynamicArrayEmptyTest.InitiallyEmpty" time elapsed: 00:00:00
----------------------------------------------------------

17/202 Testing: DynamicArrayEmptyTest.NotEmpty
17/202 Test: DynamicArrayEmptyTest.NotEmpty
Command: "D:/GITN/PROJECT-01-SUPERCODERS/build/Release/DynamicArrayTests.exe" "--gtest_filter=DynamicArrayEmptyTest.NotEmpty" "--gtest_also_run_disabled_tests"
Directory: D:/GITN/PROJECT-01-SUPERCODERS/build
"DynamicArrayEmptyTest.NotEmpty" start time: Jul 01 10:19 India Standard Time
Output:
----------------------------------------------------------
Running main() from C:\b\abs_14_rhzemyc\croot\yaml-cpp-split_1714514162675\work\test\gtest-1.11.0\googletest\src\gtest_main.cc
Note: Google Test filter = DynamicArrayEmptyTest.NotEmpty
[==========] Running 1 test from 1 test suite.
[----------] Global test environment set-up.
[----------] 1 test from DynamicArrayEmptyTest
[ RUN      ] DynamicArrayEmptyTest.NotEmpty
[       OK ] DynamicArrayEmptyTest.NotEmpty (0 ms)
[----------] 1 test from DynamicArrayEmptyTest (0 ms total)

[----------] Global test environment tear-down
[==========] 1 test from 1 test suite ran. (0 ms total)
[  PASSED  ] 1 test.
<end of output>
Test time =   0.02 sec
----------------------------------------------------------
Test Passed.
"DynamicArrayEmptyTest.NotEmpty" end time: Jul 01 10:19 India Standard Time
"DynamicArrayEmptyTest.NotEmpty" time elapsed: 00:00:00
----------------------------------------------------------

18/202 Testing: DynamicArrayEmptyTest.EmptyAfterPop
18/202 Test: DynamicArrayEmptyTest.EmptyAfterPop
Command: "D:/GITN/PROJECT-01-SUPERCODERS/build/Release/DynamicArrayTests.exe" "--gtest_filter=DynamicArrayEmptyTest.EmptyAfterPop" "--gtest_also_run_disabled_tests"
Directory: D:/GITN/PROJECT-01-SUPERCODERS/build
"DynamicArrayEmptyTest.EmptyAfterPop" start time: Jul 01 10:19 India Standard Time
Output:
----------------------------------------------------------
Running main() from C:\b\abs_14_rhzemyc\croot\yaml-cpp-split_1714514162675\work\test\gtest-1.11.0\googletest\src\gtest_main.cc
Note: Google Test filter = DynamicArrayEmptyTest.EmptyAfterPop
[==========] Running 1 test from 1 test suite.
[----------] Global test environment set-up.
[----------] 1 test from DynamicArrayEmptyTest
[ RUN      ] DynamicArrayEmptyTest.EmptyAfterPop
[       OK ] DynamicArrayEmptyTest.EmptyAfterPop (0 ms)
[----------] 1 test from DynamicArrayEmptyTest (0 ms total)

[----------] Global test environment tear-down
[==========] 1 test from 1 test suite ran. (0 ms total)
[  PASSED  ] 1 test.
<end of output>
Test time =   0.01 sec
----------------------------------------------------------
Test Passed.
"DynamicArrayEmptyTest.EmptyAfterPop" end time: Jul 01 10:19 India Standard Time
"DynamicArrayEmptyTest.EmptyAfterPop" time elapsed: 00:00:00
----------------------------------------------------------

19/202 Testing: DynamicArrayGetTest.GetElement
19/202 Test: DynamicArrayGetTest.GetElement
Command: "D:/GITN/PROJECT-01-SUPERCODERS/build/Release/DynamicArrayTests.exe" "--gtest_filter=DynamicArrayGetTest.GetElement" "--gtest_also_run_disabled_tests"
Directory: D:/GITN/PROJECT-01-SUPERCODERS/build
"DynamicArrayGetTest.GetElement" start time: Jul 01 10:19 India Standard Time
Output:
----------------------------------------------------------
Running main() from C:\b\abs_14_rhzemyc\croot\yaml-cpp-split_1714514162675\work\test\gtest-1.11.0\googletest\src\gtest_main.cc
Note: Google Test filter = DynamicArrayGetTest.GetElement
[==========] Running 1 test from 1 test suite.
[----------] Global test environment set-up.
[----------] 1 test from DynamicArrayGetTest
[ RUN      ] DynamicArrayGetTest.GetElement
[       OK ] DynamicArrayGetTest.GetElement (0 ms)
[----------] 1 test from DynamicArrayGetTest (0 ms total)

[----------] Global test environment tear-down
[==========] 1 test from 1 test suite ran. (0 ms total)
[  PASSED  ] 1 test.
<end of output>
Test time =   0.02 sec
----------------------------------------------------------
Test Passed.
"DynamicArrayGetTest.GetElement" end time: Jul 01 10:19 India Standard Time
"DynamicArrayGetTest.GetElement" time elapsed: 00:00:00
----------------------------------------------------------

20/202 Testing: DynamicArrayGetTest.ModifyThroughGet
20/202 Test: DynamicArrayGetTest.ModifyThroughGet
Command: "D:/GITN/PROJECT-01-SUPERCODERS/build/Release/DynamicArrayTests.exe" "--gtest_filter=DynamicArrayGetTest.ModifyThroughGet" "--gtest_also_run_disabled_tests"
Directory: D:/GITN/PROJECT-01-SUPERCODERS/build
"DynamicArrayGetTest.ModifyThroughGet" start time: Jul 01 10:19 India Standard Time
Output:
----------------------------------------------------------
Running main() from C:\b\abs_14_rhzemyc\croot\yaml-cpp-split_1714514162675\work\test\gtest-1.11.0\googletest\src\gtest_main.cc
Note: Google Test filter = DynamicArrayGetTest.ModifyThroughGet
[==========] Running 1 test from 1 test suite.
[----------] Global test environment set-up.
[----------] 1 test from DynamicArrayGetTest
[ RUN      ] DynamicArrayGetTest.ModifyThroughGet
[       OK ] DynamicArrayGetTest.ModifyThroughGet (0 ms)
[----------] 1 test from DynamicArrayGetTest (0 ms total)

[----------] Global test environment tear-down
[==========] 1 test from 1 test suite ran. (0 ms total)
[  PASSED  ] 1 test.
<end of output>
Test time =   0.02 sec
----------------------------------------------------------
Test Passed.
"DynamicArrayGetTest.ModifyThroughGet" end time: Jul 01 10:19 India Standard Time
"DynamicArrayGetTest.ModifyThroughGet" time elapsed: 00:00:00
----------------------------------------------------------

21/202 Testing: DynamicArrayGetTest.InvalidIndex
21/202 Test: DynamicArrayGetTest.InvalidIndex
Command: "D:/GITN/PROJECT-01-SUPERCODERS/build/Release/DynamicArrayTests.exe" "--gtest_filter=DynamicArrayGetTest.InvalidIndex" "--gtest_also_run_disabled_tests"
Directory: D:/GITN/PROJECT-01-SUPERCODERS/build
"DynamicArrayGetTest.InvalidIndex" start time: Jul 01 10:19 India Standard Time
Output:
----------------------------------------------------------
Running main() from C:\b\abs_14_rhzemyc\croot\yaml-cpp-split_1714514162675\work\test\gtest-1.11.0\googletest\src\gtest_main.cc
Note: Google Test filter = DynamicArrayGetTest.InvalidIndex
[==========] Running 1 test from 1 test suite.
[----------] Global test environment set-up.
[----------] 1 test from DynamicArrayGetTest
[ RUN      ] DynamicArrayGetTest.InvalidIndex
[       OK ] DynamicArrayGetTest.InvalidIndex (1 ms)
[----------] 1 test from DynamicArrayGetTest (1 ms total)

[----------] Global test environment tear-down
[==========] 1 test from 1 test suite ran. (1 ms total)
[  PASSED  ] 1 test.
<end of output>
Test time =   0.02 sec
----------------------------------------------------------
Test Passed.
"DynamicArrayGetTest.InvalidIndex" end time: Jul 01 10:19 India Standard Time
"DynamicArrayGetTest.InvalidIndex" time elapsed: 00:00:00
----------------------------------------------------------

22/202 Testing: DynamicArrayInsertTest.InsertBeginning
22/202 Test: DynamicArrayInsertTest.InsertBeginning
Command: "D:/GITN/PROJECT-01-SUPERCODERS/build/Release/DynamicArrayTests.exe" "--gtest_filter=DynamicArrayInsertTest.InsertBeginning" "--gtest_also_run_disabled_tests"
Directory: D:/GITN/PROJECT-01-SUPERCODERS/build
"DynamicArrayInsertTest.InsertBeginning" start time: Jul 01 10:19 India Standard Time
Output:
----------------------------------------------------------
Running main() from C:\b\abs_14_rhzemyc\croot\yaml-cpp-split_1714514162675\work\test\gtest-1.11.0\googletest\src\gtest_main.cc
Note: Google Test filter = DynamicArrayInsertTest.InsertBeginning
[==========] Running 1 test from 1 test suite.
[----------] Global test environment set-up.
[----------] 1 test from DynamicArrayInsertTest
[ RUN      ] DynamicArrayInsertTest.InsertBeginning
[       OK ] DynamicArrayInsertTest.InsertBeginning (0 ms)
[----------] 1 test from DynamicArrayInsertTest (0 ms total)

[----------] Global test environment tear-down
[==========] 1 test from 1 test suite ran. (0 ms total)
[  PASSED  ] 1 test.
<end of output>
Test time =   0.02 sec
----------------------------------------------------------
Test Passed.
"DynamicArrayInsertTest.InsertBeginning" end time: Jul 01 10:19 India Standard Time
"DynamicArrayInsertTest.InsertBeginning" time elapsed: 00:00:00
----------------------------------------------------------

23/202 Testing: DynamicArrayInsertTest.InsertMiddle
23/202 Test: DynamicArrayInsertTest.InsertMiddle
Command: "D:/GITN/PROJECT-01-SUPERCODERS/build/Release/DynamicArrayTests.exe" "--gtest_filter=DynamicArrayInsertTest.InsertMiddle" "--gtest_also_run_disabled_tests"
Directory: D:/GITN/PROJECT-01-SUPERCODERS/build
"DynamicArrayInsertTest.InsertMiddle" start time: Jul 01 10:19 India Standard Time
Output:
----------------------------------------------------------
Running main() from C:\b\abs_14_rhzemyc\croot\yaml-cpp-split_1714514162675\work\test\gtest-1.11.0\googletest\src\gtest_main.cc
Note: Google Test filter = DynamicArrayInsertTest.InsertMiddle
[==========] Running 1 test from 1 test suite.
[----------] Global test environment set-up.
[----------] 1 test from DynamicArrayInsertTest
[ RUN      ] DynamicArrayInsertTest.InsertMiddle
[       OK ] DynamicArrayInsertTest.InsertMiddle (0 ms)
[----------] 1 test from DynamicArrayInsertTest (0 ms total)

[----------] Global test environment tear-down
[==========] 1 test from 1 test suite ran. (0 ms total)
[  PASSED  ] 1 test.
<end of output>
Test time =   0.02 sec
----------------------------------------------------------
Test Passed.
"DynamicArrayInsertTest.InsertMiddle" end time: Jul 01 10:19 India Standard Time
"DynamicArrayInsertTest.InsertMiddle" time elapsed: 00:00:00
----------------------------------------------------------

24/202 Testing: DynamicArrayInsertTest.InsertEnd
24/202 Test: DynamicArrayInsertTest.InsertEnd
Command: "D:/GITN/PROJECT-01-SUPERCODERS/build/Release/DynamicArrayTests.exe" "--gtest_filter=DynamicArrayInsertTest.InsertEnd" "--gtest_also_run_disabled_tests"
Directory: D:/GITN/PROJECT-01-SUPERCODERS/build
"DynamicArrayInsertTest.InsertEnd" start time: Jul 01 10:19 India Standard Time
Output:
----------------------------------------------------------
Running main() from C:\b\abs_14_rhzemyc\croot\yaml-cpp-split_1714514162675\work\test\gtest-1.11.0\googletest\src\gtest_main.cc
Note: Google Test filter = DynamicArrayInsertTest.InsertEnd
[==========] Running 1 test from 1 test suite.
[----------] Global test environment set-up.
[----------] 1 test from DynamicArrayInsertTest
[ RUN      ] DynamicArrayInsertTest.InsertEnd
[       OK ] DynamicArrayInsertTest.InsertEnd (0 ms)
[----------] 1 test from DynamicArrayInsertTest (0 ms total)

[----------] Global test environment tear-down
[==========] 1 test from 1 test suite ran. (0 ms total)
[  PASSED  ] 1 test.
<end of output>
Test time =   0.02 sec
----------------------------------------------------------
Test Passed.
"DynamicArrayInsertTest.InsertEnd" end time: Jul 01 10:19 India Standard Time
"DynamicArrayInsertTest.InsertEnd" time elapsed: 00:00:00
----------------------------------------------------------

25/202 Testing: DynamicArrayInsertStandalone.InsertIntoEmptyArray
25/202 Test: DynamicArrayInsertStandalone.InsertIntoEmptyArray
Command: "D:/GITN/PROJECT-01-SUPERCODERS/build/Release/DynamicArrayTests.exe" "--gtest_filter=DynamicArrayInsertStandalone.InsertIntoEmptyArray" "--gtest_also_run_disabled_tests"
Directory: D:/GITN/PROJECT-01-SUPERCODERS/build
"DynamicArrayInsertStandalone.InsertIntoEmptyArray" start time: Jul 01 10:19 India Standard Time
Output:
----------------------------------------------------------
Running main() from C:\b\abs_14_rhzemyc\croot\yaml-cpp-split_1714514162675\work\test\gtest-1.11.0\googletest\src\gtest_main.cc
Note: Google Test filter = DynamicArrayInsertStandalone.InsertIntoEmptyArray
[==========] Running 1 test from 1 test suite.
[----------] Global test environment set-up.
[----------] 1 test from DynamicArrayInsertStandalone
[ RUN      ] DynamicArrayInsertStandalone.InsertIntoEmptyArray
[       OK ] DynamicArrayInsertStandalone.InsertIntoEmptyArray (0 ms)
[----------] 1 test from DynamicArrayInsertStandalone (0 ms total)

[----------] Global test environment tear-down
[==========] 1 test from 1 test suite ran. (0 ms total)
[  PASSED  ] 1 test.
<end of output>
Test time =   0.01 sec
----------------------------------------------------------
Test Passed.
"DynamicArrayInsertStandalone.InsertIntoEmptyArray" end time: Jul 01 10:19 India Standard Time
"DynamicArrayInsertStandalone.InsertIntoEmptyArray" time elapsed: 00:00:00
----------------------------------------------------------

26/202 Testing: DynamicArrayInsertStandalone.InvalidIndex
26/202 Test: DynamicArrayInsertStandalone.InvalidIndex
Command: "D:/GITN/PROJECT-01-SUPERCODERS/build/Release/DynamicArrayTests.exe" "--gtest_filter=DynamicArrayInsertStandalone.InvalidIndex" "--gtest_also_run_disabled_tests"
Directory: D:/GITN/PROJECT-01-SUPERCODERS/build
"DynamicArrayInsertStandalone.InvalidIndex" start time: Jul 01 10:19 India Standard Time
Output:
----------------------------------------------------------
Running main() from C:\b\abs_14_rhzemyc\croot\yaml-cpp-split_1714514162675\work\test\gtest-1.11.0\googletest\src\gtest_main.cc
Note: Google Test filter = DynamicArrayInsertStandalone.InvalidIndex
[==========] Running 1 test from 1 test suite.
[----------] Global test environment set-up.
[----------] 1 test from DynamicArrayInsertStandalone
[ RUN      ] DynamicArrayInsertStandalone.InvalidIndex
[       OK ] DynamicArrayInsertStandalone.InvalidIndex (0 ms)
[----------] 1 test from DynamicArrayInsertStandalone (0 ms total)

[----------] Global test environment tear-down
[==========] 1 test from 1 test suite ran. (0 ms total)
[  PASSED  ] 1 test.
<end of output>
Test time =   0.01 sec
----------------------------------------------------------
Test Passed.
"DynamicArrayInsertStandalone.InvalidIndex" end time: Jul 01 10:19 India Standard Time
"DynamicArrayInsertStandalone.InvalidIndex" time elapsed: 00:00:00
----------------------------------------------------------

27/202 Testing: DynamicArrayInsertStandalone.InsertTriggersGrow
27/202 Test: DynamicArrayInsertStandalone.InsertTriggersGrow
Command: "D:/GITN/PROJECT-01-SUPERCODERS/build/Release/DynamicArrayTests.exe" "--gtest_filter=DynamicArrayInsertStandalone.InsertTriggersGrow" "--gtest_also_run_disabled_tests"
Directory: D:/GITN/PROJECT-01-SUPERCODERS/build
"DynamicArrayInsertStandalone.InsertTriggersGrow" start time: Jul 01 10:19 India Standard Time
Output:
----------------------------------------------------------
Running main() from C:\b\abs_14_rhzemyc\croot\yaml-cpp-split_1714514162675\work\test\gtest-1.11.0\googletest\src\gtest_main.cc
Note: Google Test filter = DynamicArrayInsertStandalone.InsertTriggersGrow
[==========] Running 1 test from 1 test suite.
[----------] Global test environment set-up.
[----------] 1 test from DynamicArrayInsertStandalone
[ RUN      ] DynamicArrayInsertStandalone.InsertTriggersGrow
[       OK ] DynamicArrayInsertStandalone.InsertTriggersGrow (0 ms)
[----------] 1 test from DynamicArrayInsertStandalone (0 ms total)

[----------] Global test environment tear-down
[==========] 1 test from 1 test suite ran. (0 ms total)
[  PASSED  ] 1 test.
<end of output>
Test time =   0.02 sec
----------------------------------------------------------
Test Passed.
"DynamicArrayInsertStandalone.InsertTriggersGrow" end time: Jul 01 10:19 India Standard Time
"DynamicArrayInsertStandalone.InsertTriggersGrow" time elapsed: 00:00:00
----------------------------------------------------------

28/202 Testing: DynamicArrayOperatorTest.ReadElement
28/202 Test: DynamicArrayOperatorTest.ReadElement
Command: "D:/GITN/PROJECT-01-SUPERCODERS/build/Release/DynamicArrayTests.exe" "--gtest_filter=DynamicArrayOperatorTest.ReadElement" "--gtest_also_run_disabled_tests"
Directory: D:/GITN/PROJECT-01-SUPERCODERS/build
"DynamicArrayOperatorTest.ReadElement" start time: Jul 01 10:19 India Standard Time
Output:
----------------------------------------------------------
Running main() from C:\b\abs_14_rhzemyc\croot\yaml-cpp-split_1714514162675\work\test\gtest-1.11.0\googletest\src\gtest_main.cc
Note: Google Test filter = DynamicArrayOperatorTest.ReadElement
[==========] Running 1 test from 1 test suite.
[----------] Global test environment set-up.
[----------] 1 test from DynamicArrayOperatorTest
[ RUN      ] DynamicArrayOperatorTest.ReadElement
[       OK ] DynamicArrayOperatorTest.ReadElement (0 ms)
[----------] 1 test from DynamicArrayOperatorTest (0 ms total)

[----------] Global test environment tear-down
[==========] 1 test from 1 test suite ran. (0 ms total)
[  PASSED  ] 1 test.
<end of output>
Test time =   0.02 sec
----------------------------------------------------------
Test Passed.
"DynamicArrayOperatorTest.ReadElement" end time: Jul 01 10:19 India Standard Time
"DynamicArrayOperatorTest.ReadElement" time elapsed: 00:00:00
----------------------------------------------------------

29/202 Testing: DynamicArrayOperatorTest.ModifyElement
29/202 Test: DynamicArrayOperatorTest.ModifyElement
Command: "D:/GITN/PROJECT-01-SUPERCODERS/build/Release/DynamicArrayTests.exe" "--gtest_filter=DynamicArrayOperatorTest.ModifyElement" "--gtest_also_run_disabled_tests"
Directory: D:/GITN/PROJECT-01-SUPERCODERS/build
"DynamicArrayOperatorTest.ModifyElement" start time: Jul 01 10:19 India Standard Time
Output:
----------------------------------------------------------
Running main() from C:\b\abs_14_rhzemyc\croot\yaml-cpp-split_1714514162675\work\test\gtest-1.11.0\googletest\src\gtest_main.cc
Note: Google Test filter = DynamicArrayOperatorTest.ModifyElement
[==========] Running 1 test from 1 test suite.
[----------] Global test environment set-up.
[----------] 1 test from DynamicArrayOperatorTest
[ RUN      ] DynamicArrayOperatorTest.ModifyElement
[       OK ] DynamicArrayOperatorTest.ModifyElement (0 ms)
[----------] 1 test from DynamicArrayOperatorTest (0 ms total)

[----------] Global test environment tear-down
[==========] 1 test from 1 test suite ran. (0 ms total)
[  PASSED  ] 1 test.
<end of output>
Test time =   0.02 sec
----------------------------------------------------------
Test Passed.
"DynamicArrayOperatorTest.ModifyElement" end time: Jul 01 10:19 India Standard Time
"DynamicArrayOperatorTest.ModifyElement" time elapsed: 00:00:00
----------------------------------------------------------

30/202 Testing: DynamicArrayOperatorTest.InvalidIndex
30/202 Test: DynamicArrayOperatorTest.InvalidIndex
Command: "D:/GITN/PROJECT-01-SUPERCODERS/build/Release/DynamicArrayTests.exe" "--gtest_filter=DynamicArrayOperatorTest.InvalidIndex" "--gtest_also_run_disabled_tests"
Directory: D:/GITN/PROJECT-01-SUPERCODERS/build
"DynamicArrayOperatorTest.InvalidIndex" start time: Jul 01 10:19 India Standard Time
Output:
----------------------------------------------------------
Running main() from C:\b\abs_14_rhzemyc\croot\yaml-cpp-split_1714514162675\work\test\gtest-1.11.0\googletest\src\gtest_main.cc
Note: Google Test filter = DynamicArrayOperatorTest.InvalidIndex
[==========] Running 1 test from 1 test suite.
[----------] Global test environment set-up.
[----------] 1 test from DynamicArrayOperatorTest
[ RUN      ] DynamicArrayOperatorTest.InvalidIndex
[       OK ] DynamicArrayOperatorTest.InvalidIndex (0 ms)
[----------] 1 test from DynamicArrayOperatorTest (0 ms total)

[----------] Global test environment tear-down
[==========] 1 test from 1 test suite ran. (0 ms total)
[  PASSED  ] 1 test.
<end of output>
Test time =   0.02 sec
----------------------------------------------------------
Test Passed.
"DynamicArrayOperatorTest.InvalidIndex" end time: Jul 01 10:19 India Standard Time
"DynamicArrayOperatorTest.InvalidIndex" time elapsed: 00:00:00
----------------------------------------------------------

31/202 Testing: DynamicArrayPopBackTest.PopOne
31/202 Test: DynamicArrayPopBackTest.PopOne
Command: "D:/GITN/PROJECT-01-SUPERCODERS/build/Release/DynamicArrayTests.exe" "--gtest_filter=DynamicArrayPopBackTest.PopOne" "--gtest_also_run_disabled_tests"
Directory: D:/GITN/PROJECT-01-SUPERCODERS/build
"DynamicArrayPopBackTest.PopOne" start time: Jul 01 10:19 India Standard Time
Output:
----------------------------------------------------------
Running main() from C:\b\abs_14_rhzemyc\croot\yaml-cpp-split_1714514162675\work\test\gtest-1.11.0\googletest\src\gtest_main.cc
Note: Google Test filter = DynamicArrayPopBackTest.PopOne
[==========] Running 1 test from 1 test suite.
[----------] Global test environment set-up.
[----------] 1 test from DynamicArrayPopBackTest
[ RUN      ] DynamicArrayPopBackTest.PopOne
[       OK ] DynamicArrayPopBackTest.PopOne (0 ms)
[----------] 1 test from DynamicArrayPopBackTest (0 ms total)

[----------] Global test environment tear-down
[==========] 1 test from 1 test suite ran. (0 ms total)
[  PASSED  ] 1 test.
<end of output>
Test time =   0.02 sec
----------------------------------------------------------
Test Passed.
"DynamicArrayPopBackTest.PopOne" end time: Jul 01 10:19 India Standard Time
"DynamicArrayPopBackTest.PopOne" time elapsed: 00:00:00
----------------------------------------------------------

32/202 Testing: DynamicArrayPopBackTest.PopUntilEmpty
32/202 Test: DynamicArrayPopBackTest.PopUntilEmpty
Command: "D:/GITN/PROJECT-01-SUPERCODERS/build/Release/DynamicArrayTests.exe" "--gtest_filter=DynamicArrayPopBackTest.PopUntilEmpty" "--gtest_also_run_disabled_tests"
Directory: D:/GITN/PROJECT-01-SUPERCODERS/build
"DynamicArrayPopBackTest.PopUntilEmpty" start time: Jul 01 10:19 India Standard Time
Output:
----------------------------------------------------------
Running main() from C:\b\abs_14_rhzemyc\croot\yaml-cpp-split_1714514162675\work\test\gtest-1.11.0\googletest\src\gtest_main.cc
Note: Google Test filter = DynamicArrayPopBackTest.PopUntilEmpty
[==========] Running 1 test from 1 test suite.
[----------] Global test environment set-up.
[----------] 1 test from DynamicArrayPopBackTest
[ RUN      ] DynamicArrayPopBackTest.PopUntilEmpty
[       OK ] DynamicArrayPopBackTest.PopUntilEmpty (0 ms)
[----------] 1 test from DynamicArrayPopBackTest (0 ms total)

[----------] Global test environment tear-down
[==========] 1 test from 1 test suite ran. (0 ms total)
[  PASSED  ] 1 test.
<end of output>
Test time =   0.01 sec
----------------------------------------------------------
Test Passed.
"DynamicArrayPopBackTest.PopUntilEmpty" end time: Jul 01 10:19 India Standard Time
"DynamicArrayPopBackTest.PopUntilEmpty" time elapsed: 00:00:00
----------------------------------------------------------

33/202 Testing: DynamicArrayPopBackStandalone.PopEmpty
33/202 Test: DynamicArrayPopBackStandalone.PopEmpty
Command: "D:/GITN/PROJECT-01-SUPERCODERS/build/Release/DynamicArrayTests.exe" "--gtest_filter=DynamicArrayPopBackStandalone.PopEmpty" "--gtest_also_run_disabled_tests"
Directory: D:/GITN/PROJECT-01-SUPERCODERS/build
"DynamicArrayPopBackStandalone.PopEmpty" start time: Jul 01 10:19 India Standard Time
Output:
----------------------------------------------------------
Running main() from C:\b\abs_14_rhzemyc\croot\yaml-cpp-split_1714514162675\work\test\gtest-1.11.0\googletest\src\gtest_main.cc
Note: Google Test filter = DynamicArrayPopBackStandalone.PopEmpty
[==========] Running 1 test from 1 test suite.
[----------] Global test environment set-up.
[----------] 1 test from DynamicArrayPopBackStandalone
[ RUN      ] DynamicArrayPopBackStandalone.PopEmpty
[       OK ] DynamicArrayPopBackStandalone.PopEmpty (0 ms)
[----------] 1 test from DynamicArrayPopBackStandalone (0 ms total)

[----------] Global test environment tear-down
[==========] 1 test from 1 test suite ran. (0 ms total)
[  PASSED  ] 1 test.
<end of output>
Test time =   0.02 sec
----------------------------------------------------------
Test Passed.
"DynamicArrayPopBackStandalone.PopEmpty" end time: Jul 01 10:19 India Standard Time
"DynamicArrayPopBackStandalone.PopEmpty" time elapsed: 00:00:00
----------------------------------------------------------

34/202 Testing: DynamicArrayRemoveTest.RemoveBeginning
34/202 Test: DynamicArrayRemoveTest.RemoveBeginning
Command: "D:/GITN/PROJECT-01-SUPERCODERS/build/Release/DynamicArrayTests.exe" "--gtest_filter=DynamicArrayRemoveTest.RemoveBeginning" "--gtest_also_run_disabled_tests"
Directory: D:/GITN/PROJECT-01-SUPERCODERS/build
"DynamicArrayRemoveTest.RemoveBeginning" start time: Jul 01 10:19 India Standard Time
Output:
----------------------------------------------------------
Running main() from C:\b\abs_14_rhzemyc\croot\yaml-cpp-split_1714514162675\work\test\gtest-1.11.0\googletest\src\gtest_main.cc
Note: Google Test filter = DynamicArrayRemoveTest.RemoveBeginning
[==========] Running 1 test from 1 test suite.
[----------] Global test environment set-up.
[----------] 1 test from DynamicArrayRemoveTest
[ RUN      ] DynamicArrayRemoveTest.RemoveBeginning
[       OK ] DynamicArrayRemoveTest.RemoveBeginning (0 ms)
[----------] 1 test from DynamicArrayRemoveTest (0 ms total)

[----------] Global test environment tear-down
[==========] 1 test from 1 test suite ran. (0 ms total)
[  PASSED  ] 1 test.
<end of output>
Test time =   0.03 sec
----------------------------------------------------------
Test Passed.
"DynamicArrayRemoveTest.RemoveBeginning" end time: Jul 01 10:19 India Standard Time
"DynamicArrayRemoveTest.RemoveBeginning" time elapsed: 00:00:00
----------------------------------------------------------

35/202 Testing: DynamicArrayRemoveTest.RemoveMiddle
35/202 Test: DynamicArrayRemoveTest.RemoveMiddle
Command: "D:/GITN/PROJECT-01-SUPERCODERS/build/Release/DynamicArrayTests.exe" "--gtest_filter=DynamicArrayRemoveTest.RemoveMiddle" "--gtest_also_run_disabled_tests"
Directory: D:/GITN/PROJECT-01-SUPERCODERS/build
"DynamicArrayRemoveTest.RemoveMiddle" start time: Jul 01 10:19 India Standard Time
Output:
----------------------------------------------------------
Running main() from C:\b\abs_14_rhzemyc\croot\yaml-cpp-split_1714514162675\work\test\gtest-1.11.0\googletest\src\gtest_main.cc
Note: Google Test filter = DynamicArrayRemoveTest.RemoveMiddle
[==========] Running 1 test from 1 test suite.
[----------] Global test environment set-up.
[----------] 1 test from DynamicArrayRemoveTest
[ RUN      ] DynamicArrayRemoveTest.RemoveMiddle
[       OK ] DynamicArrayRemoveTest.RemoveMiddle (0 ms)
[----------] 1 test from DynamicArrayRemoveTest (0 ms total)

[----------] Global test environment tear-down
[==========] 1 test from 1 test suite ran. (0 ms total)
[  PASSED  ] 1 test.
<end of output>
Test time =   0.02 sec
----------------------------------------------------------
Test Passed.
"DynamicArrayRemoveTest.RemoveMiddle" end time: Jul 01 10:19 India Standard Time
"DynamicArrayRemoveTest.RemoveMiddle" time elapsed: 00:00:00
----------------------------------------------------------

36/202 Testing: DynamicArrayRemoveTest.RemoveEnd
36/202 Test: DynamicArrayRemoveTest.RemoveEnd
Command: "D:/GITN/PROJECT-01-SUPERCODERS/build/Release/DynamicArrayTests.exe" "--gtest_filter=DynamicArrayRemoveTest.RemoveEnd" "--gtest_also_run_disabled_tests"
Directory: D:/GITN/PROJECT-01-SUPERCODERS/build
"DynamicArrayRemoveTest.RemoveEnd" start time: Jul 01 10:19 India Standard Time
Output:
----------------------------------------------------------
Running main() from C:\b\abs_14_rhzemyc\croot\yaml-cpp-split_1714514162675\work\test\gtest-1.11.0\googletest\src\gtest_main.cc
Note: Google Test filter = DynamicArrayRemoveTest.RemoveEnd
[==========] Running 1 test from 1 test suite.
[----------] Global test environment set-up.
[----------] 1 test from DynamicArrayRemoveTest
[ RUN      ] DynamicArrayRemoveTest.RemoveEnd
[       OK ] DynamicArrayRemoveTest.RemoveEnd (0 ms)
[----------] 1 test from DynamicArrayRemoveTest (0 ms total)

[----------] Global test environment tear-down
[==========] 1 test from 1 test suite ran. (0 ms total)
[  PASSED  ] 1 test.
<end of output>
Test time =   0.03 sec
----------------------------------------------------------
Test Passed.
"DynamicArrayRemoveTest.RemoveEnd" end time: Jul 01 10:19 India Standard Time
"DynamicArrayRemoveTest.RemoveEnd" time elapsed: 00:00:00
----------------------------------------------------------

37/202 Testing: DynamicArrayRemoveStandalone.InvalidIndex
37/202 Test: DynamicArrayRemoveStandalone.InvalidIndex
Command: "D:/GITN/PROJECT-01-SUPERCODERS/build/Release/DynamicArrayTests.exe" "--gtest_filter=DynamicArrayRemoveStandalone.InvalidIndex" "--gtest_also_run_disabled_tests"
Directory: D:/GITN/PROJECT-01-SUPERCODERS/build
"DynamicArrayRemoveStandalone.InvalidIndex" start time: Jul 01 10:19 India Standard Time
Output:
----------------------------------------------------------
Running main() from C:\b\abs_14_rhzemyc\croot\yaml-cpp-split_1714514162675\work\test\gtest-1.11.0\googletest\src\gtest_main.cc
Note: Google Test filter = DynamicArrayRemoveStandalone.InvalidIndex
[==========] Running 1 test from 1 test suite.
[----------] Global test environment set-up.
[----------] 1 test from DynamicArrayRemoveStandalone
[ RUN      ] DynamicArrayRemoveStandalone.InvalidIndex
[       OK ] DynamicArrayRemoveStandalone.InvalidIndex (0 ms)
[----------] 1 test from DynamicArrayRemoveStandalone (0 ms total)

[----------] Global test environment tear-down
[==========] 1 test from 1 test suite ran. (0 ms total)
[  PASSED  ] 1 test.
<end of output>
Test time =   0.02 sec
----------------------------------------------------------
Test Passed.
"DynamicArrayRemoveStandalone.InvalidIndex" end time: Jul 01 10:19 India Standard Time
"DynamicArrayRemoveStandalone.InvalidIndex" time elapsed: 00:00:00
----------------------------------------------------------

38/202 Testing: DynamicArraySizeTest.InitialSize
38/202 Test: DynamicArraySizeTest.InitialSize
Command: "D:/GITN/PROJECT-01-SUPERCODERS/build/Release/DynamicArrayTests.exe" "--gtest_filter=DynamicArraySizeTest.InitialSize" "--gtest_also_run_disabled_tests"
Directory: D:/GITN/PROJECT-01-SUPERCODERS/build
"DynamicArraySizeTest.InitialSize" start time: Jul 01 10:19 India Standard Time
Output:
----------------------------------------------------------
Running main() from C:\b\abs_14_rhzemyc\croot\yaml-cpp-split_1714514162675\work\test\gtest-1.11.0\googletest\src\gtest_main.cc
Note: Google Test filter = DynamicArraySizeTest.InitialSize
[==========] Running 1 test from 1 test suite.
[----------] Global test environment set-up.
[----------] 1 test from DynamicArraySizeTest
[ RUN      ] DynamicArraySizeTest.InitialSize
[       OK ] DynamicArraySizeTest.InitialSize (0 ms)
[----------] 1 test from DynamicArraySizeTest (0 ms total)

[----------] Global test environment tear-down
[==========] 1 test from 1 test suite ran. (0 ms total)
[  PASSED  ] 1 test.
<end of output>
Test time =   0.02 sec
----------------------------------------------------------
Test Passed.
"DynamicArraySizeTest.InitialSize" end time: Jul 01 10:19 India Standard Time
"DynamicArraySizeTest.InitialSize" time elapsed: 00:00:00
----------------------------------------------------------

39/202 Testing: DynamicArraySizeTest.AfterAppend
39/202 Test: DynamicArraySizeTest.AfterAppend
Command: "D:/GITN/PROJECT-01-SUPERCODERS/build/Release/DynamicArrayTests.exe" "--gtest_filter=DynamicArraySizeTest.AfterAppend" "--gtest_also_run_disabled_tests"
Directory: D:/GITN/PROJECT-01-SUPERCODERS/build
"DynamicArraySizeTest.AfterAppend" start time: Jul 01 10:19 India Standard Time
Output:
----------------------------------------------------------
Running main() from C:\b\abs_14_rhzemyc\croot\yaml-cpp-split_1714514162675\work\test\gtest-1.11.0\googletest\src\gtest_main.cc
Note: Google Test filter = DynamicArraySizeTest.AfterAppend
[==========] Running 1 test from 1 test suite.
[----------] Global test environment set-up.
[----------] 1 test from DynamicArraySizeTest
[ RUN      ] DynamicArraySizeTest.AfterAppend
[       OK ] DynamicArraySizeTest.AfterAppend (0 ms)
[----------] 1 test from DynamicArraySizeTest (0 ms total)

[----------] Global test environment tear-down
[==========] 1 test from 1 test suite ran. (0 ms total)
[  PASSED  ] 1 test.
<end of output>
Test time =   0.02 sec
----------------------------------------------------------
Test Passed.
"DynamicArraySizeTest.AfterAppend" end time: Jul 01 10:19 India Standard Time
"DynamicArraySizeTest.AfterAppend" time elapsed: 00:00:00
----------------------------------------------------------

40/202 Testing: DynamicArraySizeTest.AfterRemove
40/202 Test: DynamicArraySizeTest.AfterRemove
Command: "D:/GITN/PROJECT-01-SUPERCODERS/build/Release/DynamicArrayTests.exe" "--gtest_filter=DynamicArraySizeTest.AfterRemove" "--gtest_also_run_disabled_tests"
Directory: D:/GITN/PROJECT-01-SUPERCODERS/build
"DynamicArraySizeTest.AfterRemove" start time: Jul 01 10:19 India Standard Time
Output:
----------------------------------------------------------
Running main() from C:\b\abs_14_rhzemyc\croot\yaml-cpp-split_1714514162675\work\test\gtest-1.11.0\googletest\src\gtest_main.cc
Note: Google Test filter = DynamicArraySizeTest.AfterRemove
[==========] Running 1 test from 1 test suite.
[----------] Global test environment set-up.
[----------] 1 test from DynamicArraySizeTest
[ RUN      ] DynamicArraySizeTest.AfterRemove
[       OK ] DynamicArraySizeTest.AfterRemove (0 ms)
[----------] 1 test from DynamicArraySizeTest (0 ms total)

[----------] Global test environment tear-down
[==========] 1 test from 1 test suite ran. (0 ms total)
[  PASSED  ] 1 test.
<end of output>
Test time =   0.02 sec
----------------------------------------------------------
Test Passed.
"DynamicArraySizeTest.AfterRemove" end time: Jul 01 10:19 India Standard Time
"DynamicArraySizeTest.AfterRemove" time elapsed: 00:00:00
----------------------------------------------------------

41/202 Testing: LinkedListClear.ClearEmptyList
41/202 Test: LinkedListClear.ClearEmptyList
Command: "D:/GITN/PROJECT-01-SUPERCODERS/build/Release/LinkedListTests.exe" "--gtest_filter=LinkedListClear.ClearEmptyList" "--gtest_also_run_disabled_tests"
Directory: D:/GITN/PROJECT-01-SUPERCODERS/build
"LinkedListClear.ClearEmptyList" start time: Jul 01 10:19 India Standard Time
Output:
----------------------------------------------------------
Running main() from C:\b\abs_14_rhzemyc\croot\yaml-cpp-split_1714514162675\work\test\gtest-1.11.0\googletest\src\gtest_main.cc
Note: Google Test filter = LinkedListClear.ClearEmptyList
[==========] Running 1 test from 1 test suite.
[----------] Global test environment set-up.
[----------] 1 test from LinkedListClear
[ RUN      ] LinkedListClear.ClearEmptyList
[       OK ] LinkedListClear.ClearEmptyList (0 ms)
[----------] 1 test from LinkedListClear (0 ms total)

[----------] Global test environment tear-down
[==========] 1 test from 1 test suite ran. (0 ms total)
[  PASSED  ] 1 test.
<end of output>
Test time =   0.02 sec
----------------------------------------------------------
Test Passed.
"LinkedListClear.ClearEmptyList" end time: Jul 01 10:19 India Standard Time
"LinkedListClear.ClearEmptyList" time elapsed: 00:00:00
----------------------------------------------------------

42/202 Testing: LinkedListClear.ClearSingleNode
42/202 Test: LinkedListClear.ClearSingleNode
Command: "D:/GITN/PROJECT-01-SUPERCODERS/build/Release/LinkedListTests.exe" "--gtest_filter=LinkedListClear.ClearSingleNode" "--gtest_also_run_disabled_tests"
Directory: D:/GITN/PROJECT-01-SUPERCODERS/build
"LinkedListClear.ClearSingleNode" start time: Jul 01 10:19 India Standard Time
Output:
----------------------------------------------------------
Running main() from C:\b\abs_14_rhzemyc\croot\yaml-cpp-split_1714514162675\work\test\gtest-1.11.0\googletest\src\gtest_main.cc
Note: Google Test filter = LinkedListClear.ClearSingleNode
[==========] Running 1 test from 1 test suite.
[----------] Global test environment set-up.
[----------] 1 test from LinkedListClear
[ RUN      ] LinkedListClear.ClearSingleNode
[       OK ] LinkedListClear.ClearSingleNode (0 ms)
[----------] 1 test from LinkedListClear (0 ms total)

[----------] Global test environment tear-down
[==========] 1 test from 1 test suite ran. (0 ms total)
[  PASSED  ] 1 test.
<end of output>
Test time =   0.02 sec
----------------------------------------------------------
Test Passed.
"LinkedListClear.ClearSingleNode" end time: Jul 01 10:19 India Standard Time
"LinkedListClear.ClearSingleNode" time elapsed: 00:00:00
----------------------------------------------------------

43/202 Testing: LinkedListClear.ClearMultipleNodes
43/202 Test: LinkedListClear.ClearMultipleNodes
Command: "D:/GITN/PROJECT-01-SUPERCODERS/build/Release/LinkedListTests.exe" "--gtest_filter=LinkedListClear.ClearMultipleNodes" "--gtest_also_run_disabled_tests"
Directory: D:/GITN/PROJECT-01-SUPERCODERS/build
"LinkedListClear.ClearMultipleNodes" start time: Jul 01 10:19 India Standard Time
Output:
----------------------------------------------------------
Running main() from C:\b\abs_14_rhzemyc\croot\yaml-cpp-split_1714514162675\work\test\gtest-1.11.0\googletest\src\gtest_main.cc
Note: Google Test filter = LinkedListClear.ClearMultipleNodes
[==========] Running 1 test from 1 test suite.
[----------] Global test environment set-up.
[----------] 1 test from LinkedListClear
[ RUN      ] LinkedListClear.ClearMultipleNodes
[       OK ] LinkedListClear.ClearMultipleNodes (0 ms)
[----------] 1 test from LinkedListClear (0 ms total)

[----------] Global test environment tear-down
[==========] 1 test from 1 test suite ran. (0 ms total)
[  PASSED  ] 1 test.
<end of output>
Test time =   0.01 sec
----------------------------------------------------------
Test Passed.
"LinkedListClear.ClearMultipleNodes" end time: Jul 01 10:19 India Standard Time
"LinkedListClear.ClearMultipleNodes" time elapsed: 00:00:00
----------------------------------------------------------

44/202 Testing: LinkedListClear.ReuseAfterClear
44/202 Test: LinkedListClear.ReuseAfterClear
Command: "D:/GITN/PROJECT-01-SUPERCODERS/build/Release/LinkedListTests.exe" "--gtest_filter=LinkedListClear.ReuseAfterClear" "--gtest_also_run_disabled_tests"
Directory: D:/GITN/PROJECT-01-SUPERCODERS/build
"LinkedListClear.ReuseAfterClear" start time: Jul 01 10:19 India Standard Time
Output:
----------------------------------------------------------
Running main() from C:\b\abs_14_rhzemyc\croot\yaml-cpp-split_1714514162675\work\test\gtest-1.11.0\googletest\src\gtest_main.cc
Note: Google Test filter = LinkedListClear.ReuseAfterClear
[==========] Running 1 test from 1 test suite.
[----------] Global test environment set-up.
[----------] 1 test from LinkedListClear
[ RUN      ] LinkedListClear.ReuseAfterClear
[       OK ] LinkedListClear.ReuseAfterClear (0 ms)
[----------] 1 test from LinkedListClear (0 ms total)

[----------] Global test environment tear-down
[==========] 1 test from 1 test suite ran. (0 ms total)
[  PASSED  ] 1 test.
<end of output>
Test time =   0.01 sec
----------------------------------------------------------
Test Passed.
"LinkedListClear.ReuseAfterClear" end time: Jul 01 10:19 India Standard Time
"LinkedListClear.ReuseAfterClear" time elapsed: 00:00:00
----------------------------------------------------------

45/202 Testing: LinkedListClear.LargeList
45/202 Test: LinkedListClear.LargeList
Command: "D:/GITN/PROJECT-01-SUPERCODERS/build/Release/LinkedListTests.exe" "--gtest_filter=LinkedListClear.LargeList" "--gtest_also_run_disabled_tests"
Directory: D:/GITN/PROJECT-01-SUPERCODERS/build
"LinkedListClear.LargeList" start time: Jul 01 10:19 India Standard Time
Output:
----------------------------------------------------------
Running main() from C:\b\abs_14_rhzemyc\croot\yaml-cpp-split_1714514162675\work\test\gtest-1.11.0\googletest\src\gtest_main.cc
Note: Google Test filter = LinkedListClear.LargeList
[==========] Running 1 test from 1 test suite.
[----------] Global test environment set-up.
[----------] 1 test from LinkedListClear
[ RUN      ] LinkedListClear.LargeList
[       OK ] LinkedListClear.LargeList (0 ms)
[----------] 1 test from LinkedListClear (1 ms total)

[----------] Global test environment tear-down
[==========] 1 test from 1 test suite ran. (1 ms total)
[  PASSED  ] 1 test.
<end of output>
Test time =   0.02 sec
----------------------------------------------------------
Test Passed.
"LinkedListClear.LargeList" end time: Jul 01 10:19 India Standard Time
"LinkedListClear.LargeList" time elapsed: 00:00:00
----------------------------------------------------------

46/202 Testing: LinkedListFindIf.FindExistingValue
46/202 Test: LinkedListFindIf.FindExistingValue
Command: "D:/GITN/PROJECT-01-SUPERCODERS/build/Release/LinkedListTests.exe" "--gtest_filter=LinkedListFindIf.FindExistingValue" "--gtest_also_run_disabled_tests"
Directory: D:/GITN/PROJECT-01-SUPERCODERS/build
"LinkedListFindIf.FindExistingValue" start time: Jul 01 10:19 India Standard Time
Output:
----------------------------------------------------------
Running main() from C:\b\abs_14_rhzemyc\croot\yaml-cpp-split_1714514162675\work\test\gtest-1.11.0\googletest\src\gtest_main.cc
Note: Google Test filter = LinkedListFindIf.FindExistingValue
[==========] Running 1 test from 1 test suite.
[----------] Global test environment set-up.
[----------] 1 test from LinkedListFindIf
[ RUN      ] LinkedListFindIf.FindExistingValue
[       OK ] LinkedListFindIf.FindExistingValue (0 ms)
[----------] 1 test from LinkedListFindIf (0 ms total)

[----------] Global test environment tear-down
[==========] 1 test from 1 test suite ran. (0 ms total)
[  PASSED  ] 1 test.
<end of output>
Test time =   0.02 sec
----------------------------------------------------------
Test Passed.
"LinkedListFindIf.FindExistingValue" end time: Jul 01 10:19 India Standard Time
"LinkedListFindIf.FindExistingValue" time elapsed: 00:00:00
----------------------------------------------------------

47/202 Testing: LinkedListFindIf.FindFirstElement
47/202 Test: LinkedListFindIf.FindFirstElement
Command: "D:/GITN/PROJECT-01-SUPERCODERS/build/Release/LinkedListTests.exe" "--gtest_filter=LinkedListFindIf.FindFirstElement" "--gtest_also_run_disabled_tests"
Directory: D:/GITN/PROJECT-01-SUPERCODERS/build
"LinkedListFindIf.FindFirstElement" start time: Jul 01 10:19 India Standard Time
Output:
----------------------------------------------------------
Running main() from C:\b\abs_14_rhzemyc\croot\yaml-cpp-split_1714514162675\work\test\gtest-1.11.0\googletest\src\gtest_main.cc
Note: Google Test filter = LinkedListFindIf.FindFirstElement
[==========] Running 1 test from 1 test suite.
[----------] Global test environment set-up.
[----------] 1 test from LinkedListFindIf
[ RUN      ] LinkedListFindIf.FindFirstElement
[       OK ] LinkedListFindIf.FindFirstElement (0 ms)
[----------] 1 test from LinkedListFindIf (0 ms total)

[----------] Global test environment tear-down
[==========] 1 test from 1 test suite ran. (0 ms total)
[  PASSED  ] 1 test.
<end of output>
Test time =   0.01 sec
----------------------------------------------------------
Test Passed.
"LinkedListFindIf.FindFirstElement" end time: Jul 01 10:19 India Standard Time
"LinkedListFindIf.FindFirstElement" time elapsed: 00:00:00
----------------------------------------------------------

48/202 Testing: LinkedListFindIf.FindLastElement
48/202 Test: LinkedListFindIf.FindLastElement
Command: "D:/GITN/PROJECT-01-SUPERCODERS/build/Release/LinkedListTests.exe" "--gtest_filter=LinkedListFindIf.FindLastElement" "--gtest_also_run_disabled_tests"
Directory: D:/GITN/PROJECT-01-SUPERCODERS/build
"LinkedListFindIf.FindLastElement" start time: Jul 01 10:19 India Standard Time
Output:
----------------------------------------------------------
Running main() from C:\b\abs_14_rhzemyc\croot\yaml-cpp-split_1714514162675\work\test\gtest-1.11.0\googletest\src\gtest_main.cc
Note: Google Test filter = LinkedListFindIf.FindLastElement
[==========] Running 1 test from 1 test suite.
[----------] Global test environment set-up.
[----------] 1 test from LinkedListFindIf
[ RUN      ] LinkedListFindIf.FindLastElement
[       OK ] LinkedListFindIf.FindLastElement (0 ms)
[----------] 1 test from LinkedListFindIf (0 ms total)

[----------] Global test environment tear-down
[==========] 1 test from 1 test suite ran. (0 ms total)
[  PASSED  ] 1 test.
<end of output>
Test time =   0.02 sec
----------------------------------------------------------
Test Passed.
"LinkedListFindIf.FindLastElement" end time: Jul 01 10:19 India Standard Time
"LinkedListFindIf.FindLastElement" time elapsed: 00:00:00
----------------------------------------------------------

49/202 Testing: LinkedListFindIf.ValueNotFound
49/202 Test: LinkedListFindIf.ValueNotFound
Command: "D:/GITN/PROJECT-01-SUPERCODERS/build/Release/LinkedListTests.exe" "--gtest_filter=LinkedListFindIf.ValueNotFound" "--gtest_also_run_disabled_tests"
Directory: D:/GITN/PROJECT-01-SUPERCODERS/build
"LinkedListFindIf.ValueNotFound" start time: Jul 01 10:19 India Standard Time
Output:
----------------------------------------------------------
Running main() from C:\b\abs_14_rhzemyc\croot\yaml-cpp-split_1714514162675\work\test\gtest-1.11.0\googletest\src\gtest_main.cc
Note: Google Test filter = LinkedListFindIf.ValueNotFound
[==========] Running 1 test from 1 test suite.
[----------] Global test environment set-up.
[----------] 1 test from LinkedListFindIf
[ RUN      ] LinkedListFindIf.ValueNotFound
[       OK ] LinkedListFindIf.ValueNotFound (0 ms)
[----------] 1 test from LinkedListFindIf (0 ms total)

[----------] Global test environment tear-down
[==========] 1 test from 1 test suite ran. (0 ms total)
[  PASSED  ] 1 test.
<end of output>
Test time =   0.02 sec
----------------------------------------------------------
Test Passed.
"LinkedListFindIf.ValueNotFound" end time: Jul 01 10:19 India Standard Time
"LinkedListFindIf.ValueNotFound" time elapsed: 00:00:00
----------------------------------------------------------

50/202 Testing: LinkedListFindIf.EmptyList
50/202 Test: LinkedListFindIf.EmptyList
Command: "D:/GITN/PROJECT-01-SUPERCODERS/build/Release/LinkedListTests.exe" "--gtest_filter=LinkedListFindIf.EmptyList" "--gtest_also_run_disabled_tests"
Directory: D:/GITN/PROJECT-01-SUPERCODERS/build
"LinkedListFindIf.EmptyList" start time: Jul 01 10:19 India Standard Time
Output:
----------------------------------------------------------
Running main() from C:\b\abs_14_rhzemyc\croot\yaml-cpp-split_1714514162675\work\test\gtest-1.11.0\googletest\src\gtest_main.cc
Note: Google Test filter = LinkedListFindIf.EmptyList
[==========] Running 1 test from 1 test suite.
[----------] Global test environment set-up.
[----------] 1 test from LinkedListFindIf
[ RUN      ] LinkedListFindIf.EmptyList
[       OK ] LinkedListFindIf.EmptyList (0 ms)
[----------] 1 test from LinkedListFindIf (0 ms total)

[----------] Global test environment tear-down
[==========] 1 test from 1 test suite ran. (0 ms total)
[  PASSED  ] 1 test.
<end of output>
Test time =   0.02 sec
----------------------------------------------------------
Test Passed.
"LinkedListFindIf.EmptyList" end time: Jul 01 10:19 India Standard Time
"LinkedListFindIf.EmptyList" time elapsed: 00:00:00
----------------------------------------------------------

51/202 Testing: LinkedListGetHead.EmptyList
51/202 Test: LinkedListGetHead.EmptyList
Command: "D:/GITN/PROJECT-01-SUPERCODERS/build/Release/LinkedListTests.exe" "--gtest_filter=LinkedListGetHead.EmptyList" "--gtest_also_run_disabled_tests"
Directory: D:/GITN/PROJECT-01-SUPERCODERS/build
"LinkedListGetHead.EmptyList" start time: Jul 01 10:19 India Standard Time
Output:
----------------------------------------------------------
Running main() from C:\b\abs_14_rhzemyc\croot\yaml-cpp-split_1714514162675\work\test\gtest-1.11.0\googletest\src\gtest_main.cc
Note: Google Test filter = LinkedListGetHead.EmptyList
[==========] Running 1 test from 1 test suite.
[----------] Global test environment set-up.
[----------] 1 test from LinkedListGetHead
[ RUN      ] LinkedListGetHead.EmptyList
[       OK ] LinkedListGetHead.EmptyList (0 ms)
[----------] 1 test from LinkedListGetHead (0 ms total)

[----------] Global test environment tear-down
[==========] 1 test from 1 test suite ran. (0 ms total)
[  PASSED  ] 1 test.
<end of output>
Test time =   0.01 sec
----------------------------------------------------------
Test Passed.
"LinkedListGetHead.EmptyList" end time: Jul 01 10:19 India Standard Time
"LinkedListGetHead.EmptyList" time elapsed: 00:00:00
----------------------------------------------------------

52/202 Testing: LinkedListGetHead.SingleNode
52/202 Test: LinkedListGetHead.SingleNode
Command: "D:/GITN/PROJECT-01-SUPERCODERS/build/Release/LinkedListTests.exe" "--gtest_filter=LinkedListGetHead.SingleNode" "--gtest_also_run_disabled_tests"
Directory: D:/GITN/PROJECT-01-SUPERCODERS/build
"LinkedListGetHead.SingleNode" start time: Jul 01 10:19 India Standard Time
Output:
----------------------------------------------------------
Running main() from C:\b\abs_14_rhzemyc\croot\yaml-cpp-split_1714514162675\work\test\gtest-1.11.0\googletest\src\gtest_main.cc
Note: Google Test filter = LinkedListGetHead.SingleNode
[==========] Running 1 test from 1 test suite.
[----------] Global test environment set-up.
[----------] 1 test from LinkedListGetHead
[ RUN      ] LinkedListGetHead.SingleNode
[       OK ] LinkedListGetHead.SingleNode (0 ms)
[----------] 1 test from LinkedListGetHead (0 ms total)

[----------] Global test environment tear-down
[==========] 1 test from 1 test suite ran. (0 ms total)
[  PASSED  ] 1 test.
<end of output>
Test time =   0.03 sec
----------------------------------------------------------
Test Passed.
"LinkedListGetHead.SingleNode" end time: Jul 01 10:19 India Standard Time
"LinkedListGetHead.SingleNode" time elapsed: 00:00:00
----------------------------------------------------------

53/202 Testing: LinkedListGetHead.MultipleNodes
53/202 Test: LinkedListGetHead.MultipleNodes
Command: "D:/GITN/PROJECT-01-SUPERCODERS/build/Release/LinkedListTests.exe" "--gtest_filter=LinkedListGetHead.MultipleNodes" "--gtest_also_run_disabled_tests"
Directory: D:/GITN/PROJECT-01-SUPERCODERS/build
"LinkedListGetHead.MultipleNodes" start time: Jul 01 10:19 India Standard Time
Output:
----------------------------------------------------------
Running main() from C:\b\abs_14_rhzemyc\croot\yaml-cpp-split_1714514162675\work\test\gtest-1.11.0\googletest\src\gtest_main.cc
Note: Google Test filter = LinkedListGetHead.MultipleNodes
[==========] Running 1 test from 1 test suite.
[----------] Global test environment set-up.
[----------] 1 test from LinkedListGetHead
[ RUN      ] LinkedListGetHead.MultipleNodes
[       OK ] LinkedListGetHead.MultipleNodes (0 ms)
[----------] 1 test from LinkedListGetHead (0 ms total)

[----------] Global test environment tear-down
[==========] 1 test from 1 test suite ran. (0 ms total)
[  PASSED  ] 1 test.
<end of output>
Test time =   0.02 sec
----------------------------------------------------------
Test Passed.
"LinkedListGetHead.MultipleNodes" end time: Jul 01 10:19 India Standard Time
"LinkedListGetHead.MultipleNodes" time elapsed: 00:00:00
----------------------------------------------------------

54/202 Testing: LinkedListGetHead.AfterRemoveFront
54/202 Test: LinkedListGetHead.AfterRemoveFront
Command: "D:/GITN/PROJECT-01-SUPERCODERS/build/Release/LinkedListTests.exe" "--gtest_filter=LinkedListGetHead.AfterRemoveFront" "--gtest_also_run_disabled_tests"
Directory: D:/GITN/PROJECT-01-SUPERCODERS/build
"LinkedListGetHead.AfterRemoveFront" start time: Jul 01 10:19 India Standard Time
Output:
----------------------------------------------------------
Running main() from C:\b\abs_14_rhzemyc\croot\yaml-cpp-split_1714514162675\work\test\gtest-1.11.0\googletest\src\gtest_main.cc
Note: Google Test filter = LinkedListGetHead.AfterRemoveFront
[==========] Running 1 test from 1 test suite.
[----------] Global test environment set-up.
[----------] 1 test from LinkedListGetHead
[ RUN      ] LinkedListGetHead.AfterRemoveFront
[       OK ] LinkedListGetHead.AfterRemoveFront (0 ms)
[----------] 1 test from LinkedListGetHead (0 ms total)

[----------] Global test environment tear-down
[==========] 1 test from 1 test suite ran. (0 ms total)
[  PASSED  ] 1 test.
<end of output>
Test time =   0.02 sec
----------------------------------------------------------
Test Passed.
"LinkedListGetHead.AfterRemoveFront" end time: Jul 01 10:19 India Standard Time
"LinkedListGetHead.AfterRemoveFront" time elapsed: 00:00:00
----------------------------------------------------------

55/202 Testing: LinkedListGetHead.AfterClear
55/202 Test: LinkedListGetHead.AfterClear
Command: "D:/GITN/PROJECT-01-SUPERCODERS/build/Release/LinkedListTests.exe" "--gtest_filter=LinkedListGetHead.AfterClear" "--gtest_also_run_disabled_tests"
Directory: D:/GITN/PROJECT-01-SUPERCODERS/build
"LinkedListGetHead.AfterClear" start time: Jul 01 10:19 India Standard Time
Output:
----------------------------------------------------------
Running main() from C:\b\abs_14_rhzemyc\croot\yaml-cpp-split_1714514162675\work\test\gtest-1.11.0\googletest\src\gtest_main.cc
Note: Google Test filter = LinkedListGetHead.AfterClear
[==========] Running 1 test from 1 test suite.
[----------] Global test environment set-up.
[----------] 1 test from LinkedListGetHead
[ RUN      ] LinkedListGetHead.AfterClear
[       OK ] LinkedListGetHead.AfterClear (0 ms)
[----------] 1 test from LinkedListGetHead (0 ms total)

[----------] Global test environment tear-down
[==========] 1 test from 1 test suite ran. (0 ms total)
[  PASSED  ] 1 test.
<end of output>
Test time =   0.01 sec
----------------------------------------------------------
Test Passed.
"LinkedListGetHead.AfterClear" end time: Jul 01 10:19 India Standard Time
"LinkedListGetHead.AfterClear" time elapsed: 00:00:00
----------------------------------------------------------

56/202 Testing: LinkedListGetSize.InitiallyZero
56/202 Test: LinkedListGetSize.InitiallyZero
Command: "D:/GITN/PROJECT-01-SUPERCODERS/build/Release/LinkedListTests.exe" "--gtest_filter=LinkedListGetSize.InitiallyZero" "--gtest_also_run_disabled_tests"
Directory: D:/GITN/PROJECT-01-SUPERCODERS/build
"LinkedListGetSize.InitiallyZero" start time: Jul 01 10:19 India Standard Time
Output:
----------------------------------------------------------
Running main() from C:\b\abs_14_rhzemyc\croot\yaml-cpp-split_1714514162675\work\test\gtest-1.11.0\googletest\src\gtest_main.cc
Note: Google Test filter = LinkedListGetSize.InitiallyZero
[==========] Running 1 test from 1 test suite.
[----------] Global test environment set-up.
[----------] 1 test from LinkedListGetSize
[ RUN      ] LinkedListGetSize.InitiallyZero
[       OK ] LinkedListGetSize.InitiallyZero (0 ms)
[----------] 1 test from LinkedListGetSize (0 ms total)

[----------] Global test environment tear-down
[==========] 1 test from 1 test suite ran. (0 ms total)
[  PASSED  ] 1 test.
<end of output>
Test time =   0.01 sec
----------------------------------------------------------
Test Passed.
"LinkedListGetSize.InitiallyZero" end time: Jul 01 10:19 India Standard Time
"LinkedListGetSize.InitiallyZero" time elapsed: 00:00:00
----------------------------------------------------------

57/202 Testing: LinkedListGetSize.AfterInsertion
57/202 Test: LinkedListGetSize.AfterInsertion
Command: "D:/GITN/PROJECT-01-SUPERCODERS/build/Release/LinkedListTests.exe" "--gtest_filter=LinkedListGetSize.AfterInsertion" "--gtest_also_run_disabled_tests"
Directory: D:/GITN/PROJECT-01-SUPERCODERS/build
"LinkedListGetSize.AfterInsertion" start time: Jul 01 10:19 India Standard Time
Output:
----------------------------------------------------------
Running main() from C:\b\abs_14_rhzemyc\croot\yaml-cpp-split_1714514162675\work\test\gtest-1.11.0\googletest\src\gtest_main.cc
Note: Google Test filter = LinkedListGetSize.AfterInsertion
[==========] Running 1 test from 1 test suite.
[----------] Global test environment set-up.
[----------] 1 test from LinkedListGetSize
[ RUN      ] LinkedListGetSize.AfterInsertion
[       OK ] LinkedListGetSize.AfterInsertion (0 ms)
[----------] 1 test from LinkedListGetSize (0 ms total)

[----------] Global test environment tear-down
[==========] 1 test from 1 test suite ran. (0 ms total)
[  PASSED  ] 1 test.
<end of output>
[...]

189/202 Testing: RedisLiteSetTest.InsertEmptyValue
189/202 Test: RedisLiteSetTest.InsertEmptyValue
Command: "D:/GITN/PROJECT-01-SUPERCODERS/build/Release/RedisLiteTests.exe" "--gtest_filter=RedisLiteSetTest.InsertEmptyValue" "--gtest_also_run_disabled_tests"
Directory: D:/GITN/PROJECT-01-SUPERCODERS/build
"RedisLiteSetTest.InsertEmptyValue" start time: Jul 01 10:19 India Standard Time
Output:
----------------------------------------------------------
Running main() from C:\b\abs_14_rhzemyc\croot\yaml-cpp-split_1714514162675\work\test\gtest-1.11.0\googletest\src\gtest_main.cc
Note: Google Test filter = RedisLiteSetTest.InsertEmptyValue
[==========] Running 1 test from 1 test suite.
[----------] Global test environment set-up.
[----------] 1 test from RedisLiteSetTest
[ RUN      ] RedisLiteSetTest.InsertEmptyValue
[       OK ] RedisLiteSetTest.InsertEmptyValue (0 ms)
[----------] 1 test from RedisLiteSetTest (0 ms total)

[----------] Global test environment tear-down
[==========] 1 test from 1 test suite ran. (0 ms total)
[  PASSED  ] 1 test.
<end of output>
Test time =   0.02 sec
----------------------------------------------------------
Test Passed.
"RedisLiteSetTest.InsertEmptyValue" end time: Jul 01 10:19 India Standard Time
"RedisLiteSetTest.InsertEmptyValue" time elapsed: 00:00:00
----------------------------------------------------------

190/202 Testing: RedisLiteSetTest.InsertEmptyKey
190/202 Test: RedisLiteSetTest.InsertEmptyKey
Command: "D:/GITN/PROJECT-01-SUPERCODERS/build/Release/RedisLiteTests.exe" "--gtest_filter=RedisLiteSetTest.InsertEmptyKey" "--gtest_also_run_disabled_tests"
Directory: D:/GITN/PROJECT-01-SUPERCODERS/build
"RedisLiteSetTest.InsertEmptyKey" start time: Jul 01 10:19 India Standard Time
Output:
----------------------------------------------------------
Running main() from C:\b\abs_14_rhzemyc\croot\yaml-cpp-split_1714514162675\work\test\gtest-1.11.0\googletest\src\gtest_main.cc
Note: Google Test filter = RedisLiteSetTest.InsertEmptyKey
[==========] Running 1 test from 1 test suite.
[----------] Global test environment set-up.
[----------] 1 test from RedisLiteSetTest
[ RUN      ] RedisLiteSetTest.InsertEmptyKey
[       OK ] RedisLiteSetTest.InsertEmptyKey (0 ms)
[----------] 1 test from RedisLiteSetTest (0 ms total)

[----------] Global test environment tear-down
[==========] 1 test from 1 test suite ran. (0 ms total)
[  PASSED  ] 1 test.
<end of output>
Test time =   0.02 sec
----------------------------------------------------------
Test Passed.
"RedisLiteSetTest.InsertEmptyKey" end time: Jul 01 10:19 India Standard Time
"RedisLiteSetTest.InsertEmptyKey" time elapsed: 00:00:00
----------------------------------------------------------

191/202 Testing: RedisLiteSetTest.InsertLongStringValue
191/202 Test: RedisLiteSetTest.InsertLongStringValue
Command: "D:/GITN/PROJECT-01-SUPERCODERS/build/Release/RedisLiteTests.exe" "--gtest_filter=RedisLiteSetTest.InsertLongStringValue" "--gtest_also_run_disabled_tests"
Directory: D:/GITN/PROJECT-01-SUPERCODERS/build
"RedisLiteSetTest.InsertLongStringValue" start time: Jul 01 10:19 India Standard Time
Output:
----------------------------------------------------------
Running main() from C:\b\abs_14_rhzemyc\croot\yaml-cpp-split_1714514162675\work\test\gtest-1.11.0\googletest\src\gtest_main.cc
Note: Google Test filter = RedisLiteSetTest.InsertLongStringValue
[==========] Running 1 test from 1 test suite.
[----------] Global test environment set-up.
[----------] 1 test from RedisLiteSetTest
[ RUN      ] RedisLiteSetTest.InsertLongStringValue
[       OK ] RedisLiteSetTest.InsertLongStringValue (0 ms)
[----------] 1 test from RedisLiteSetTest (0 ms total)

[----------] Global test environment tear-down
[==========] 1 test from 1 test suite ran. (0 ms total)
[  PASSED  ] 1 test.
<end of output>
Test time =   0.01 sec
----------------------------------------------------------
Test Passed.
"RedisLiteSetTest.InsertLongStringValue" end time: Jul 01 10:19 India Standard Time
"RedisLiteSetTest.InsertLongStringValue" time elapsed: 00:00:00
----------------------------------------------------------

192/202 Testing: RedisLiteSetTest.MultipleInsertions
192/202 Test: RedisLiteSetTest.MultipleInsertions
Command: "D:/GITN/PROJECT-01-SUPERCODERS/build/Release/RedisLiteTests.exe" "--gtest_filter=RedisLiteSetTest.MultipleInsertions" "--gtest_also_run_disabled_tests"
Directory: D:/GITN/PROJECT-01-SUPERCODERS/build
"RedisLiteSetTest.MultipleInsertions" start time: Jul 01 10:19 India Standard Time
Output:
----------------------------------------------------------
Running main() from C:\b\abs_14_rhzemyc\croot\yaml-cpp-split_1714514162675\work\test\gtest-1.11.0\googletest\src\gtest_main.cc
Note: Google Test filter = RedisLiteSetTest.MultipleInsertions
[==========] Running 1 test from 1 test suite.
[----------] Global test environment set-up.
[----------] 1 test from RedisLiteSetTest
[ RUN      ] RedisLiteSetTest.MultipleInsertions
[       OK ] RedisLiteSetTest.MultipleInsertions (0 ms)
[----------] 1 test from RedisLiteSetTest (0 ms total)

[----------] Global test environment tear-down
[==========] 1 test from 1 test suite ran. (0 ms total)
[  PASSED  ] 1 test.
<end of output>
Test time =   0.02 sec
----------------------------------------------------------
Test Passed.
"RedisLiteSetTest.MultipleInsertions" end time: Jul 01 10:19 India Standard Time
"RedisLiteSetTest.MultipleInsertions" time elapsed: 00:00:00
----------------------------------------------------------

193/202 Testing: RedisLiteSetStandalone.InsertIntoEmptyDatabase
193/202 Test: RedisLiteSetStandalone.InsertIntoEmptyDatabase
Command: "D:/GITN/PROJECT-01-SUPERCODERS/build/Release/RedisLiteTests.exe" "--gtest_filter=RedisLiteSetStandalone.InsertIntoEmptyDatabase" "--gtest_also_run_disabled_tests"
Directory: D:/GITN/PROJECT-01-SUPERCODERS/build
"RedisLiteSetStandalone.InsertIntoEmptyDatabase" start time: Jul 01 10:19 India Standard Time
Output:
----------------------------------------------------------
Running main() from C:\b\abs_14_rhzemyc\croot\yaml-cpp-split_1714514162675\work\test\gtest-1.11.0\googletest\src\gtest_main.cc
Note: Google Test filter = RedisLiteSetStandalone.InsertIntoEmptyDatabase
[==========] Running 1 test from 1 test suite.
[----------] Global test environment set-up.
[----------] 1 test from RedisLiteSetStandalone
[ RUN      ] RedisLiteSetStandalone.InsertIntoEmptyDatabase
[       OK ] RedisLiteSetStandalone.InsertIntoEmptyDatabase (0 ms)
[----------] 1 test from RedisLiteSetStandalone (0 ms total)

[----------] Global test environment tear-down
[==========] 1 test from 1 test suite ran. (0 ms total)
[  PASSED  ] 1 test.
<end of output>
Test time =   0.02 sec
----------------------------------------------------------
Test Passed.
"RedisLiteSetStandalone.InsertIntoEmptyDatabase" end time: Jul 01 10:19 India Standard Time
"RedisLiteSetStandalone.InsertIntoEmptyDatabase" time elapsed: 00:00:00
----------------------------------------------------------

194/202 Testing: RedisLiteSetStandalone.OverwriteKeyMultipleTimes
194/202 Test: RedisLiteSetStandalone.OverwriteKeyMultipleTimes
Command: "D:/GITN/PROJECT-01-SUPERCODERS/build/Release/RedisLiteTests.exe" "--gtest_filter=RedisLiteSetStandalone.OverwriteKeyMultipleTimes" "--gtest_also_run_disabled_tests"
Directory: D:/GITN/PROJECT-01-SUPERCODERS/build
"RedisLiteSetStandalone.OverwriteKeyMultipleTimes" start time: Jul 01 10:19 India Standard Time
Output:
----------------------------------------------------------
Running main() from C:\b\abs_14_rhzemyc\croot\yaml-cpp-split_1714514162675\work\test\gtest-1.11.0\googletest\src\gtest_main.cc
Note: Google Test filter = RedisLiteSetStandalone.OverwriteKeyMultipleTimes
[==========] Running 1 test from 1 test suite.
[----------] Global test environment set-up.
[----------] 1 test from RedisLiteSetStandalone
[ RUN      ] RedisLiteSetStandalone.OverwriteKeyMultipleTimes
[       OK ] RedisLiteSetStandalone.OverwriteKeyMultipleTimes (0 ms)
[----------] 1 test from RedisLiteSetStandalone (0 ms total)

[----------] Global test environment tear-down
[==========] 1 test from 1 test suite ran. (0 ms total)
[  PASSED  ] 1 test.
<end of output>
Test time =   0.01 sec
----------------------------------------------------------
Test Passed.
"RedisLiteSetStandalone.OverwriteKeyMultipleTimes" end time: Jul 01 10:19 India Standard Time
"RedisLiteSetStandalone.OverwriteKeyMultipleTimes" time elapsed: 00:00:00
----------------------------------------------------------

195/202 Testing: RedisLiteSizeTest.InitialSize
195/202 Test: RedisLiteSizeTest.InitialSize
Command: "D:/GITN/PROJECT-01-SUPERCODERS/build/Release/RedisLiteTests.exe" "--gtest_filter=RedisLiteSizeTest.InitialSize" "--gtest_also_run_disabled_tests"
Directory: D:/GITN/PROJECT-01-SUPERCODERS/build
"RedisLiteSizeTest.InitialSize" start time: Jul 01 10:19 India Standard Time
Output:
----------------------------------------------------------
Running main() from C:\b\abs_14_rhzemyc\croot\yaml-cpp-split_1714514162675\work\test\gtest-1.11.0\googletest\src\gtest_main.cc
Note: Google Test filter = RedisLiteSizeTest.InitialSize
[==========] Running 1 test from 1 test suite.
[----------] Global test environment set-up.
[----------] 1 test from RedisLiteSizeTest
[ RUN      ] RedisLiteSizeTest.InitialSize
[       OK ] RedisLiteSizeTest.InitialSize (0 ms)
[----------] 1 test from RedisLiteSizeTest (0 ms total)

[----------] Global test environment tear-down
[==========] 1 test from 1 test suite ran. (0 ms total)
[  PASSED  ] 1 test.
<end of output>
Test time =   0.01 sec
----------------------------------------------------------
Test Passed.
"RedisLiteSizeTest.InitialSize" end time: Jul 01 10:19 India Standard Time
"RedisLiteSizeTest.InitialSize" time elapsed: 00:00:00
----------------------------------------------------------

196/202 Testing: RedisLiteSizeTest.SizeAfterInsertion
196/202 Test: RedisLiteSizeTest.SizeAfterInsertion
Command: "D:/GITN/PROJECT-01-SUPERCODERS/build/Release/RedisLiteTests.exe" "--gtest_filter=RedisLiteSizeTest.SizeAfterInsertion" "--gtest_also_run_disabled_tests"
Directory: D:/GITN/PROJECT-01-SUPERCODERS/build
"RedisLiteSizeTest.SizeAfterInsertion" start time: Jul 01 10:19 India Standard Time
Output:
----------------------------------------------------------
Running main() from C:\b\abs_14_rhzemyc\croot\yaml-cpp-split_1714514162675\work\test\gtest-1.11.0\googletest\src\gtest_main.cc
Note: Google Test filter = RedisLiteSizeTest.SizeAfterInsertion
[==========] Running 1 test from 1 test suite.
[----------] Global test environment set-up.
[----------] 1 test from RedisLiteSizeTest
[ RUN      ] RedisLiteSizeTest.SizeAfterInsertion
[       OK ] RedisLiteSizeTest.SizeAfterInsertion (0 ms)
[----------] 1 test from RedisLiteSizeTest (0 ms total)

[----------] Global test environment tear-down
[==========] 1 test from 1 test suite ran. (0 ms total)
[  PASSED  ] 1 test.
<end of output>
Test time =   0.01 sec
----------------------------------------------------------
Test Passed.
"RedisLiteSizeTest.SizeAfterInsertion" end time: Jul 01 10:19 India Standard Time
"RedisLiteSizeTest.SizeAfterInsertion" time elapsed: 00:00:00
----------------------------------------------------------

197/202 Testing: RedisLiteSizeTest.SizeAfterUpdatingExistingKey
197/202 Test: RedisLiteSizeTest.SizeAfterUpdatingExistingKey
Command: "D:/GITN/PROJECT-01-SUPERCODERS/build/Release/RedisLiteTests.exe" "--gtest_filter=RedisLiteSizeTest.SizeAfterUpdatingExistingKey" "--gtest_also_run_disabled_tests"
Directory: D:/GITN/PROJECT-01-SUPERCODERS/build
"RedisLiteSizeTest.SizeAfterUpdatingExistingKey" start time: Jul 01 10:19 India Standard Time
Output:
----------------------------------------------------------
Running main() from C:\b\abs_14_rhzemyc\croot\yaml-cpp-split_1714514162675\work\test\gtest-1.11.0\googletest\src\gtest_main.cc
Note: Google Test filter = RedisLiteSizeTest.SizeAfterUpdatingExistingKey
[==========] Running 1 test from 1 test suite.
[----------] Global test environment set-up.
[----------] 1 test from RedisLiteSizeTest
[ RUN      ] RedisLiteSizeTest.SizeAfterUpdatingExistingKey
[       OK ] RedisLiteSizeTest.SizeAfterUpdatingExistingKey (0 ms)
[----------] 1 test from RedisLiteSizeTest (0 ms total)

[----------] Global test environment tear-down
[==========] 1 test from 1 test suite ran. (0 ms total)
[  PASSED  ] 1 test.
<end of output>
Test time =   0.02 sec
----------------------------------------------------------
Test Passed.
"RedisLiteSizeTest.SizeAfterUpdatingExistingKey" end time: Jul 01 10:19 India Standard Time
"RedisLiteSizeTest.SizeAfterUpdatingExistingKey" time elapsed: 00:00:00
----------------------------------------------------------

198/202 Testing: RedisLiteSizeTest.SizeAfterDeletion
198/202 Test: RedisLiteSizeTest.SizeAfterDeletion
Command: "D:/GITN/PROJECT-01-SUPERCODERS/build/Release/RedisLiteTests.exe" "--gtest_filter=RedisLiteSizeTest.SizeAfterDeletion" "--gtest_also_run_disabled_tests"
Directory: D:/GITN/PROJECT-01-SUPERCODERS/build
"RedisLiteSizeTest.SizeAfterDeletion" start time: Jul 01 10:19 India Standard Time
Output:
----------------------------------------------------------
Running main() from C:\b\abs_14_rhzemyc\croot\yaml-cpp-split_1714514162675\work\test\gtest-1.11.0\googletest\src\gtest_main.cc
Note: Google Test filter = RedisLiteSizeTest.SizeAfterDeletion
[==========] Running 1 test from 1 test suite.
[----------] Global test environment set-up.
[----------] 1 test from RedisLiteSizeTest
[ RUN      ] RedisLiteSizeTest.SizeAfterDeletion
[       OK ] RedisLiteSizeTest.SizeAfterDeletion (0 ms)
[----------] 1 test from RedisLiteSizeTest (0 ms total)

[----------] Global test environment tear-down
[==========] 1 test from 1 test suite ran. (0 ms total)
[  PASSED  ] 1 test.
<end of output>
Test time =   0.02 sec
----------------------------------------------------------
Test Passed.
"RedisLiteSizeTest.SizeAfterDeletion" end time: Jul 01 10:19 India Standard Time
"RedisLiteSizeTest.SizeAfterDeletion" time elapsed: 00:00:00
----------------------------------------------------------

199/202 Testing: RedisLiteSizeTest.SizeAfterClear
199/202 Test: RedisLiteSizeTest.SizeAfterClear
Command: "D:/GITN/PROJECT-01-SUPERCODERS/build/Release/RedisLiteTests.exe" "--gtest_filter=RedisLiteSizeTest.SizeAfterClear" "--gtest_also_run_disabled_tests"
Directory: D:/GITN/PROJECT-01-SUPERCODERS/build
"RedisLiteSizeTest.SizeAfterClear" start time: Jul 01 10:19 India Standard Time
Output:
----------------------------------------------------------
Running main() from C:\b\abs_14_rhzemyc\croot\yaml-cpp-split_1714514162675\work\test\gtest-1.11.0\googletest\src\gtest_main.cc
Note: Google Test filter = RedisLiteSizeTest.SizeAfterClear
[==========] Running 1 test from 1 test suite.
[----------] Global test environment set-up.
[----------] 1 test from RedisLiteSizeTest
[ RUN      ] RedisLiteSizeTest.SizeAfterClear
[       OK ] RedisLiteSizeTest.SizeAfterClear (0 ms)
[----------] 1 test from RedisLiteSizeTest (0 ms total)

[----------] Global test environment tear-down
[==========] 1 test from 1 test suite ran. (0 ms total)
[  PASSED  ] 1 test.
<end of output>
Test time =   0.02 sec
----------------------------------------------------------
Test Passed.
"RedisLiteSizeTest.SizeAfterClear" end time: Jul 01 10:19 India Standard Time
"RedisLiteSizeTest.SizeAfterClear" time elapsed: 00:00:00
----------------------------------------------------------

200/202 Testing: RedisLiteSizeStandalone.EmptyDatabaseSize
200/202 Test: RedisLiteSizeStandalone.EmptyDatabaseSize
Command: "D:/GITN/PROJECT-01-SUPERCODERS/build/Release/RedisLiteTests.exe" "--gtest_filter=RedisLiteSizeStandalone.EmptyDatabaseSize" "--gtest_also_run_disabled_tests"
Directory: D:/GITN/PROJECT-01-SUPERCODERS/build
"RedisLiteSizeStandalone.EmptyDatabaseSize" start time: Jul 01 10:19 India Standard Time
Output:
----------------------------------------------------------
Running main() from C:\b\abs_14_rhzemyc\croot\yaml-cpp-split_1714514162675\work\test\gtest-1.11.0\googletest\src\gtest_main.cc
Note: Google Test filter = RedisLiteSizeStandalone.EmptyDatabaseSize
[==========] Running 1 test from 1 test suite.
[----------] Global test environment set-up.
[----------] 1 test from RedisLiteSizeStandalone
[ RUN      ] RedisLiteSizeStandalone.EmptyDatabaseSize
[       OK ] RedisLiteSizeStandalone.EmptyDatabaseSize (0 ms)
[----------] 1 test from RedisLiteSizeStandalone (0 ms total)

[----------] Global test environment tear-down
[==========] 1 test from 1 test suite ran. (0 ms total)
[  PASSED  ] 1 test.
<end of output>
Test time =   0.02 sec
----------------------------------------------------------
Test Passed.
"RedisLiteSizeStandalone.EmptyDatabaseSize" end time: Jul 01 10:19 India Standard Time
"RedisLiteSizeStandalone.EmptyDatabaseSize" time elapsed: 00:00:00
----------------------------------------------------------

201/202 Testing: RedisLiteSizeStandalone.LargeDatabaseSize
201/202 Test: RedisLiteSizeStandalone.LargeDatabaseSize
Command: "D:/GITN/PROJECT-01-SUPERCODERS/build/Release/RedisLiteTests.exe" "--gtest_filter=RedisLiteSizeStandalone.LargeDatabaseSize" "--gtest_also_run_disabled_tests"
Directory: D:/GITN/PROJECT-01-SUPERCODERS/build
"RedisLiteSizeStandalone.LargeDatabaseSize" start time: Jul 01 10:19 India Standard Time
Output:
----------------------------------------------------------
Running main() from C:\b\abs_14_rhzemyc\croot\yaml-cpp-split_1714514162675\work\test\gtest-1.11.0\googletest\src\gtest_main.cc
Note: Google Test filter = RedisLiteSizeStandalone.LargeDatabaseSize
[==========] Running 1 test from 1 test suite.
[----------] Global test environment set-up.
[----------] 1 test from RedisLiteSizeStandalone
[ RUN      ] RedisLiteSizeStandalone.LargeDatabaseSize
[       OK ] RedisLiteSizeStandalone.LargeDatabaseSize (0 ms)
[----------] 1 test from RedisLiteSizeStandalone (1 ms total)

[----------] Global test environment tear-down
[==========] 1 test from 1 test suite ran. (1 ms total)
[  PASSED  ] 1 test.
<end of output>
Test time =   0.02 sec
----------------------------------------------------------
Test Passed.
"RedisLiteSizeStandalone.LargeDatabaseSize" end time: Jul 01 10:19 India Standard Time
"RedisLiteSizeStandalone.LargeDatabaseSize" time elapsed: 00:00:00
----------------------------------------------------------

202/202 Testing: RedisLiteSizeStandalone.SizeAfterMixedOperations
202/202 Test: RedisLiteSizeStandalone.SizeAfterMixedOperations
Command: "D:/GITN/PROJECT-01-SUPERCODERS/build/Release/RedisLiteTests.exe" "--gtest_filter=RedisLiteSizeStandalone.SizeAfterMixedOperations" "--gtest_also_run_disabled_tests"
Directory: D:/GITN/PROJECT-01-SUPERCODERS/build
"RedisLiteSizeStandalone.SizeAfterMixedOperations" start time: Jul 01 10:19 India Standard Time
Output:
----------------------------------------------------------
Running main() from C:\b\abs_14_rhzemyc\croot\yaml-cpp-split_1714514162675\work\test\gtest-1.11.0\googletest\src\gtest_main.cc
Note: Google Test filter = RedisLiteSizeStandalone.SizeAfterMixedOperations
[==========] Running 1 test from 1 test suite.
[----------] Global test environment set-up.
[----------] 1 test from RedisLiteSizeStandalone
[ RUN      ] RedisLiteSizeStandalone.SizeAfterMixedOperations
[       OK ] RedisLiteSizeStandalone.SizeAfterMixedOperations (0 ms)
[----------] 1 test from RedisLiteSizeStandalone (0 ms total)

[----------] Global test environment tear-down
[==========] 1 test from 1 test suite ran. (0 ms total)
[  PASSED  ] 1 test.
<end of output>
Test time =   0.02 sec
----------------------------------------------------------
Test Passed.
"RedisLiteSizeStandalone.SizeAfterMixedOperations" end time: Jul 01 10:19 India Standard Time
"RedisLiteSizeStandalone.SizeAfterMixedOperations" time elapsed: 00:00:00
----------------------------------------------------------

End testing: Jul 01 10:19 India Standard Time
